ARM GAS  C:\Users\ROUTHE~1\AppData\Local\Temp\ccTp3roK.s 			page 1


   1              		.cpu cortex-m7
   2              		.eabi_attribute 27, 1
   3              		.eabi_attribute 28, 1
   4              		.eabi_attribute 20, 1
   5              		.eabi_attribute 21, 1
   6              		.eabi_attribute 23, 3
   7              		.eabi_attribute 24, 1
   8              		.eabi_attribute 25, 1
   9              		.eabi_attribute 26, 1
  10              		.eabi_attribute 30, 1
  11              		.eabi_attribute 34, 1
  12              		.eabi_attribute 18, 4
  13              		.file	"dma.c"
  14              		.text
  15              	.Ltext0:
  16              		.cfi_sections	.debug_frame
  17              		.section	.text.MX_DMA_Init,"ax",%progbits
  18              		.align	1
  19              		.global	MX_DMA_Init
  20              		.syntax unified
  21              		.thumb
  22              		.thumb_func
  23              		.fpu fpv5-sp-d16
  25              	MX_DMA_Init:
  26              	.LFB136:
  27              		.file 1 "Src/dma.c"
   1:Src/dma.c     **** /**
   2:Src/dma.c     ****   ******************************************************************************
   3:Src/dma.c     ****   * File Name          : dma.c
   4:Src/dma.c     ****   * Description        : This file provides code for the configuration
   5:Src/dma.c     ****   *                      of all the requested memory to memory DMA transfers.
   6:Src/dma.c     ****   ******************************************************************************
   7:Src/dma.c     ****   ** This notice applies to any and all portions of this file
   8:Src/dma.c     ****   * that are not between comment pairs USER CODE BEGIN and
   9:Src/dma.c     ****   * USER CODE END. Other portions of this file, whether 
  10:Src/dma.c     ****   * inserted by the user or by software development tools
  11:Src/dma.c     ****   * are owned by their respective copyright owners.
  12:Src/dma.c     ****   *
  13:Src/dma.c     ****   * COPYRIGHT(c) 2018 STMicroelectronics
  14:Src/dma.c     ****   *
  15:Src/dma.c     ****   * Redistribution and use in source and binary forms, with or without modification,
  16:Src/dma.c     ****   * are permitted provided that the following conditions are met:
  17:Src/dma.c     ****   *   1. Redistributions of source code must retain the above copyright notice,
  18:Src/dma.c     ****   *      this list of conditions and the following disclaimer.
  19:Src/dma.c     ****   *   2. Redistributions in binary form must reproduce the above copyright notice,
  20:Src/dma.c     ****   *      this list of conditions and the following disclaimer in the documentation
  21:Src/dma.c     ****   *      and/or other materials provided with the distribution.
  22:Src/dma.c     ****   *   3. Neither the name of STMicroelectronics nor the names of its contributors
  23:Src/dma.c     ****   *      may be used to endorse or promote products derived from this software
  24:Src/dma.c     ****   *      without specific prior written permission.
  25:Src/dma.c     ****   *
  26:Src/dma.c     ****   * THIS SOFTWARE IS PROVIDED BY THE COPYRIGHT HOLDERS AND CONTRIBUTORS "AS IS"
  27:Src/dma.c     ****   * AND ANY EXPRESS OR IMPLIED WARRANTIES, INCLUDING, BUT NOT LIMITED TO, THE
  28:Src/dma.c     ****   * IMPLIED WARRANTIES OF MERCHANTABILITY AND FITNESS FOR A PARTICULAR PURPOSE ARE
  29:Src/dma.c     ****   * DISCLAIMED. IN NO EVENT SHALL THE COPYRIGHT HOLDER OR CONTRIBUTORS BE LIABLE
  30:Src/dma.c     ****   * FOR ANY DIRECT, INDIRECT, INCIDENTAL, SPECIAL, EXEMPLARY, OR CONSEQUENTIAL
  31:Src/dma.c     ****   * DAMAGES (INCLUDING, BUT NOT LIMITED TO, PROCUREMENT OF SUBSTITUTE GOODS OR
ARM GAS  C:\Users\ROUTHE~1\AppData\Local\Temp\ccTp3roK.s 			page 2


  32:Src/dma.c     ****   * SERVICES; LOSS OF USE, DATA, OR PROFITS; OR BUSINESS INTERRUPTION) HOWEVER
  33:Src/dma.c     ****   * CAUSED AND ON ANY THEORY OF LIABILITY, WHETHER IN CONTRACT, STRICT LIABILITY,
  34:Src/dma.c     ****   * OR TORT (INCLUDING NEGLIGENCE OR OTHERWISE) ARISING IN ANY WAY OUT OF THE USE
  35:Src/dma.c     ****   * OF THIS SOFTWARE, EVEN IF ADVISED OF THE POSSIBILITY OF SUCH DAMAGE.
  36:Src/dma.c     ****   *
  37:Src/dma.c     ****   ******************************************************************************
  38:Src/dma.c     ****   */
  39:Src/dma.c     **** /* Includes ------------------------------------------------------------------*/
  40:Src/dma.c     **** #include "dma.h"
  41:Src/dma.c     **** 
  42:Src/dma.c     **** /* USER CODE BEGIN 0 */
  43:Src/dma.c     **** 
  44:Src/dma.c     **** /* USER CODE END 0 */
  45:Src/dma.c     **** 
  46:Src/dma.c     **** /*----------------------------------------------------------------------------*/
  47:Src/dma.c     **** /* Configure DMA                                                              */
  48:Src/dma.c     **** /*----------------------------------------------------------------------------*/
  49:Src/dma.c     **** 
  50:Src/dma.c     **** /* USER CODE BEGIN 1 */
  51:Src/dma.c     **** 
  52:Src/dma.c     **** /* USER CODE END 1 */
  53:Src/dma.c     **** 
  54:Src/dma.c     **** /** 
  55:Src/dma.c     ****   * Enable DMA controller clock
  56:Src/dma.c     ****   */
  57:Src/dma.c     **** void MX_DMA_Init(void) 
  58:Src/dma.c     **** {
  28              		.loc 1 58 0
  29              		.cfi_startproc
  30              		@ args = 0, pretend = 0, frame = 8
  31              		@ frame_needed = 0, uses_anonymous_args = 0
  32 0000 00B5     		push	{lr}
  33              	.LCFI0:
  34              		.cfi_def_cfa_offset 4
  35              		.cfi_offset 14, -4
  36 0002 83B0     		sub	sp, sp, #12
  37              	.LCFI1:
  38              		.cfi_def_cfa_offset 16
  39              	.LBB2:
  59:Src/dma.c     ****   /* DMA controller clock enable */
  60:Src/dma.c     ****   __HAL_RCC_DMA1_CLK_ENABLE();
  40              		.loc 1 60 0
  41 0004 0E4B     		ldr	r3, .L3
  42 0006 1A6B     		ldr	r2, [r3, #48]
  43 0008 42F40012 		orr	r2, r2, #2097152
  44 000c 1A63     		str	r2, [r3, #48]
  45 000e 1B6B     		ldr	r3, [r3, #48]
  46 0010 03F40013 		and	r3, r3, #2097152
  47 0014 0193     		str	r3, [sp, #4]
  48 0016 019B     		ldr	r3, [sp, #4]
  49              	.LBE2:
  61:Src/dma.c     **** 
  62:Src/dma.c     ****   /* DMA interrupt init */
  63:Src/dma.c     ****   /* DMA1_Stream4_IRQn interrupt configuration */
  64:Src/dma.c     ****   HAL_NVIC_SetPriority(DMA1_Stream4_IRQn, 0, 0);
  50              		.loc 1 64 0
  51 0018 0022     		movs	r2, #0
ARM GAS  C:\Users\ROUTHE~1\AppData\Local\Temp\ccTp3roK.s 			page 3


  52 001a 1146     		mov	r1, r2
  53 001c 0F20     		movs	r0, #15
  54 001e FFF7FEFF 		bl	HAL_NVIC_SetPriority
  55              	.LVL0:
  65:Src/dma.c     ****   HAL_NVIC_EnableIRQ(DMA1_Stream4_IRQn);
  56              		.loc 1 65 0
  57 0022 0F20     		movs	r0, #15
  58 0024 FFF7FEFF 		bl	HAL_NVIC_EnableIRQ
  59              	.LVL1:
  66:Src/dma.c     ****   /* DMA1_Stream5_IRQn interrupt configuration */
  67:Src/dma.c     ****   HAL_NVIC_SetPriority(DMA1_Stream5_IRQn, 0, 0);
  60              		.loc 1 67 0
  61 0028 0022     		movs	r2, #0
  62 002a 1146     		mov	r1, r2
  63 002c 1020     		movs	r0, #16
  64 002e FFF7FEFF 		bl	HAL_NVIC_SetPriority
  65              	.LVL2:
  68:Src/dma.c     ****   HAL_NVIC_EnableIRQ(DMA1_Stream5_IRQn);
  66              		.loc 1 68 0
  67 0032 1020     		movs	r0, #16
  68 0034 FFF7FEFF 		bl	HAL_NVIC_EnableIRQ
  69              	.LVL3:
  69:Src/dma.c     **** 
  70:Src/dma.c     **** }
  70              		.loc 1 70 0
  71 0038 03B0     		add	sp, sp, #12
  72              	.LCFI2:
  73              		.cfi_def_cfa_offset 4
  74              		@ sp needed
  75 003a 5DF804FB 		ldr	pc, [sp], #4
  76              	.L4:
  77 003e 00BF     		.align	2
  78              	.L3:
  79 0040 00380240 		.word	1073887232
  80              		.cfi_endproc
  81              	.LFE136:
  83              		.text
  84              	.Letext0:
  85              		.file 2 "c:\\ac6\\systemworkbench\\plugins\\fr.ac6.mcu.externaltools.arm-none.win32_1.15.0.2017083
  86              		.file 3 "c:\\ac6\\systemworkbench\\plugins\\fr.ac6.mcu.externaltools.arm-none.win32_1.15.0.2017083
  87              		.file 4 "Drivers/CMSIS/Include/core_cm7.h"
  88              		.file 5 "Drivers/CMSIS/Device/ST/STM32F7xx/Include/system_stm32f7xx.h"
  89              		.file 6 "Drivers/CMSIS/Device/ST/STM32F7xx/Include/stm32f746xx.h"
  90              		.file 7 "c:\\ac6\\systemworkbench\\plugins\\fr.ac6.mcu.externaltools.arm-none.win32_1.15.0.2017083
  91              		.file 8 "c:\\ac6\\systemworkbench\\plugins\\fr.ac6.mcu.externaltools.arm-none.win32_1.15.0.2017083
  92              		.file 9 "c:\\ac6\\systemworkbench\\plugins\\fr.ac6.mcu.externaltools.arm-none.win32_1.15.0.2017083
  93              		.file 10 "c:\\ac6\\systemworkbench\\plugins\\fr.ac6.mcu.externaltools.arm-none.win32_1.15.0.201708
  94              		.file 11 "Drivers/STM32F7xx_HAL_Driver/Inc/stm32f7xx_hal_cortex.h"
ARM GAS  C:\Users\ROUTHE~1\AppData\Local\Temp\ccTp3roK.s 			page 4


DEFINED SYMBOLS
                            *ABS*:00000000 dma.c
C:\Users\ROUTHE~1\AppData\Local\Temp\ccTp3roK.s:18     .text.MX_DMA_Init:00000000 $t
C:\Users\ROUTHE~1\AppData\Local\Temp\ccTp3roK.s:25     .text.MX_DMA_Init:00000000 MX_DMA_Init
C:\Users\ROUTHE~1\AppData\Local\Temp\ccTp3roK.s:79     .text.MX_DMA_Init:00000040 $d
                     .debug_frame:00000010 $d

UNDEFINED SYMBOLS
HAL_NVIC_SetPriority
HAL_NVIC_EnableIRQ
