ARM GAS  C:\Users\ROUTHE~1\AppData\Local\Temp\ccCUmG0H.s 			page 1


   1              		.cpu cortex-m7
   2              		.eabi_attribute 27, 1
   3              		.eabi_attribute 28, 1
   4              		.eabi_attribute 20, 1
   5              		.eabi_attribute 21, 1
   6              		.eabi_attribute 23, 3
   7              		.eabi_attribute 24, 1
   8              		.eabi_attribute 25, 1
   9              		.eabi_attribute 26, 1
  10              		.eabi_attribute 30, 1
  11              		.eabi_attribute 34, 1
  12              		.eabi_attribute 18, 4
  13              		.file	"stm32f7xx_hal_gpio.c"
  14              		.text
  15              	.Ltext0:
  16              		.cfi_sections	.debug_frame
  17              		.section	.text.HAL_GPIO_Init,"ax",%progbits
  18              		.align	1
  19              		.global	HAL_GPIO_Init
  20              		.syntax unified
  21              		.thumb
  22              		.thumb_func
  23              		.fpu fpv5-sp-d16
  25              	HAL_GPIO_Init:
  26              	.LFB136:
  27              		.file 1 "Drivers/STM32F7xx_HAL_Driver/Src/stm32f7xx_hal_gpio.c"
   1:Drivers/STM32F7xx_HAL_Driver/Src/stm32f7xx_hal_gpio.c **** /**
   2:Drivers/STM32F7xx_HAL_Driver/Src/stm32f7xx_hal_gpio.c ****   ******************************************************************************
   3:Drivers/STM32F7xx_HAL_Driver/Src/stm32f7xx_hal_gpio.c ****   * @file    stm32f7xx_hal_gpio.c
   4:Drivers/STM32F7xx_HAL_Driver/Src/stm32f7xx_hal_gpio.c ****   * @author  MCD Application Team
   5:Drivers/STM32F7xx_HAL_Driver/Src/stm32f7xx_hal_gpio.c ****   * @brief   GPIO HAL module driver.
   6:Drivers/STM32F7xx_HAL_Driver/Src/stm32f7xx_hal_gpio.c ****   *          This file provides firmware functions to manage the following 
   7:Drivers/STM32F7xx_HAL_Driver/Src/stm32f7xx_hal_gpio.c ****   *          functionalities of the General Purpose Input/Output (GPIO) peripheral:
   8:Drivers/STM32F7xx_HAL_Driver/Src/stm32f7xx_hal_gpio.c ****   *           + Initialization and de-initialization functions
   9:Drivers/STM32F7xx_HAL_Driver/Src/stm32f7xx_hal_gpio.c ****   *           + IO operation functions
  10:Drivers/STM32F7xx_HAL_Driver/Src/stm32f7xx_hal_gpio.c ****   *
  11:Drivers/STM32F7xx_HAL_Driver/Src/stm32f7xx_hal_gpio.c ****   @verbatim
  12:Drivers/STM32F7xx_HAL_Driver/Src/stm32f7xx_hal_gpio.c ****   ==============================================================================
  13:Drivers/STM32F7xx_HAL_Driver/Src/stm32f7xx_hal_gpio.c ****                     ##### GPIO Peripheral features #####
  14:Drivers/STM32F7xx_HAL_Driver/Src/stm32f7xx_hal_gpio.c ****   ==============================================================================
  15:Drivers/STM32F7xx_HAL_Driver/Src/stm32f7xx_hal_gpio.c ****   [..] 
  16:Drivers/STM32F7xx_HAL_Driver/Src/stm32f7xx_hal_gpio.c ****   Subject to the specific hardware characteristics of each I/O port listed in the datasheet, each
  17:Drivers/STM32F7xx_HAL_Driver/Src/stm32f7xx_hal_gpio.c ****   port bit of the General Purpose IO (GPIO) Ports, can be individually configured by software
  18:Drivers/STM32F7xx_HAL_Driver/Src/stm32f7xx_hal_gpio.c ****   in several modes:
  19:Drivers/STM32F7xx_HAL_Driver/Src/stm32f7xx_hal_gpio.c ****   (+) Input mode 
  20:Drivers/STM32F7xx_HAL_Driver/Src/stm32f7xx_hal_gpio.c ****   (+) Analog mode
  21:Drivers/STM32F7xx_HAL_Driver/Src/stm32f7xx_hal_gpio.c ****   (+) Output mode
  22:Drivers/STM32F7xx_HAL_Driver/Src/stm32f7xx_hal_gpio.c ****   (+) Alternate function mode
  23:Drivers/STM32F7xx_HAL_Driver/Src/stm32f7xx_hal_gpio.c ****   (+) External interrupt/event lines
  24:Drivers/STM32F7xx_HAL_Driver/Src/stm32f7xx_hal_gpio.c **** 
  25:Drivers/STM32F7xx_HAL_Driver/Src/stm32f7xx_hal_gpio.c ****   [..]  
  26:Drivers/STM32F7xx_HAL_Driver/Src/stm32f7xx_hal_gpio.c ****   During and just after reset, the alternate functions and external interrupt  
  27:Drivers/STM32F7xx_HAL_Driver/Src/stm32f7xx_hal_gpio.c ****   lines are not active and the I/O ports are configured in input floating mode.
  28:Drivers/STM32F7xx_HAL_Driver/Src/stm32f7xx_hal_gpio.c ****   
  29:Drivers/STM32F7xx_HAL_Driver/Src/stm32f7xx_hal_gpio.c ****   [..]   
  30:Drivers/STM32F7xx_HAL_Driver/Src/stm32f7xx_hal_gpio.c ****   All GPIO pins have weak internal pull-up and pull-down resistors, which can be 
  31:Drivers/STM32F7xx_HAL_Driver/Src/stm32f7xx_hal_gpio.c ****   activated or not.
ARM GAS  C:\Users\ROUTHE~1\AppData\Local\Temp\ccCUmG0H.s 			page 2


  32:Drivers/STM32F7xx_HAL_Driver/Src/stm32f7xx_hal_gpio.c **** 
  33:Drivers/STM32F7xx_HAL_Driver/Src/stm32f7xx_hal_gpio.c ****   [..]
  34:Drivers/STM32F7xx_HAL_Driver/Src/stm32f7xx_hal_gpio.c ****   In Output or Alternate mode, each IO can be configured on open-drain or push-pull
  35:Drivers/STM32F7xx_HAL_Driver/Src/stm32f7xx_hal_gpio.c ****   type and the IO speed can be selected depending on the VDD value.
  36:Drivers/STM32F7xx_HAL_Driver/Src/stm32f7xx_hal_gpio.c **** 
  37:Drivers/STM32F7xx_HAL_Driver/Src/stm32f7xx_hal_gpio.c ****   [..]  
  38:Drivers/STM32F7xx_HAL_Driver/Src/stm32f7xx_hal_gpio.c ****   All ports have external interrupt/event capability. To use external interrupt 
  39:Drivers/STM32F7xx_HAL_Driver/Src/stm32f7xx_hal_gpio.c ****   lines, the port must be configured in input mode. All available GPIO pins are 
  40:Drivers/STM32F7xx_HAL_Driver/Src/stm32f7xx_hal_gpio.c ****   connected to the 16 external interrupt/event lines from EXTI0 to EXTI15.
  41:Drivers/STM32F7xx_HAL_Driver/Src/stm32f7xx_hal_gpio.c ****   
  42:Drivers/STM32F7xx_HAL_Driver/Src/stm32f7xx_hal_gpio.c ****   [..]
  43:Drivers/STM32F7xx_HAL_Driver/Src/stm32f7xx_hal_gpio.c ****   The external interrupt/event controller consists of up to 23 edge detectors 
  44:Drivers/STM32F7xx_HAL_Driver/Src/stm32f7xx_hal_gpio.c ****   (16 lines are connected to GPIO) for generating event/interrupt requests (each 
  45:Drivers/STM32F7xx_HAL_Driver/Src/stm32f7xx_hal_gpio.c ****   input line can be independently configured to select the type (interrupt or event) 
  46:Drivers/STM32F7xx_HAL_Driver/Src/stm32f7xx_hal_gpio.c ****   and the corresponding trigger event (rising or falling or both). Each line can 
  47:Drivers/STM32F7xx_HAL_Driver/Src/stm32f7xx_hal_gpio.c ****   also be masked independently. 
  48:Drivers/STM32F7xx_HAL_Driver/Src/stm32f7xx_hal_gpio.c **** 
  49:Drivers/STM32F7xx_HAL_Driver/Src/stm32f7xx_hal_gpio.c ****                      ##### How to use this driver #####
  50:Drivers/STM32F7xx_HAL_Driver/Src/stm32f7xx_hal_gpio.c ****   ==============================================================================  
  51:Drivers/STM32F7xx_HAL_Driver/Src/stm32f7xx_hal_gpio.c ****   [..]
  52:Drivers/STM32F7xx_HAL_Driver/Src/stm32f7xx_hal_gpio.c ****     (#) Enable the GPIO AHB clock using the following function: __HAL_RCC_GPIOx_CLK_ENABLE(). 
  53:Drivers/STM32F7xx_HAL_Driver/Src/stm32f7xx_hal_gpio.c **** 
  54:Drivers/STM32F7xx_HAL_Driver/Src/stm32f7xx_hal_gpio.c ****     (#) Configure the GPIO pin(s) using HAL_GPIO_Init().
  55:Drivers/STM32F7xx_HAL_Driver/Src/stm32f7xx_hal_gpio.c ****         (++) Configure the IO mode using "Mode" member from GPIO_InitTypeDef structure
  56:Drivers/STM32F7xx_HAL_Driver/Src/stm32f7xx_hal_gpio.c ****         (++) Activate Pull-up, Pull-down resistor using "Pull" member from GPIO_InitTypeDef 
  57:Drivers/STM32F7xx_HAL_Driver/Src/stm32f7xx_hal_gpio.c ****              structure.
  58:Drivers/STM32F7xx_HAL_Driver/Src/stm32f7xx_hal_gpio.c ****         (++) In case of Output or alternate function mode selection: the speed is 
  59:Drivers/STM32F7xx_HAL_Driver/Src/stm32f7xx_hal_gpio.c ****              configured through "Speed" member from GPIO_InitTypeDef structure.
  60:Drivers/STM32F7xx_HAL_Driver/Src/stm32f7xx_hal_gpio.c ****         (++) In alternate mode is selection, the alternate function connected to the IO
  61:Drivers/STM32F7xx_HAL_Driver/Src/stm32f7xx_hal_gpio.c ****              is configured through "Alternate" member from GPIO_InitTypeDef structure.
  62:Drivers/STM32F7xx_HAL_Driver/Src/stm32f7xx_hal_gpio.c ****         (++) Analog mode is required when a pin is to be used as ADC channel 
  63:Drivers/STM32F7xx_HAL_Driver/Src/stm32f7xx_hal_gpio.c ****              or DAC output.
  64:Drivers/STM32F7xx_HAL_Driver/Src/stm32f7xx_hal_gpio.c ****         (++) In case of external interrupt/event selection the "Mode" member from 
  65:Drivers/STM32F7xx_HAL_Driver/Src/stm32f7xx_hal_gpio.c ****              GPIO_InitTypeDef structure select the type (interrupt or event) and 
  66:Drivers/STM32F7xx_HAL_Driver/Src/stm32f7xx_hal_gpio.c ****              the corresponding trigger event (rising or falling or both).
  67:Drivers/STM32F7xx_HAL_Driver/Src/stm32f7xx_hal_gpio.c **** 
  68:Drivers/STM32F7xx_HAL_Driver/Src/stm32f7xx_hal_gpio.c ****     (#) In case of external interrupt/event mode selection, configure NVIC IRQ priority 
  69:Drivers/STM32F7xx_HAL_Driver/Src/stm32f7xx_hal_gpio.c ****         mapped to the EXTI line using HAL_NVIC_SetPriority() and enable it using
  70:Drivers/STM32F7xx_HAL_Driver/Src/stm32f7xx_hal_gpio.c ****         HAL_NVIC_EnableIRQ().
  71:Drivers/STM32F7xx_HAL_Driver/Src/stm32f7xx_hal_gpio.c ****          
  72:Drivers/STM32F7xx_HAL_Driver/Src/stm32f7xx_hal_gpio.c ****     (#) To get the level of a pin configured in input mode use HAL_GPIO_ReadPin().
  73:Drivers/STM32F7xx_HAL_Driver/Src/stm32f7xx_hal_gpio.c ****             
  74:Drivers/STM32F7xx_HAL_Driver/Src/stm32f7xx_hal_gpio.c ****     (#) To set/reset the level of a pin configured in output mode use 
  75:Drivers/STM32F7xx_HAL_Driver/Src/stm32f7xx_hal_gpio.c ****         HAL_GPIO_WritePin()/HAL_GPIO_TogglePin().
  76:Drivers/STM32F7xx_HAL_Driver/Src/stm32f7xx_hal_gpio.c ****     
  77:Drivers/STM32F7xx_HAL_Driver/Src/stm32f7xx_hal_gpio.c ****     (#) To lock pin configuration until next reset use HAL_GPIO_LockPin().
  78:Drivers/STM32F7xx_HAL_Driver/Src/stm32f7xx_hal_gpio.c **** 
  79:Drivers/STM32F7xx_HAL_Driver/Src/stm32f7xx_hal_gpio.c ****                  
  80:Drivers/STM32F7xx_HAL_Driver/Src/stm32f7xx_hal_gpio.c ****     (#) During and just after reset, the alternate functions are not 
  81:Drivers/STM32F7xx_HAL_Driver/Src/stm32f7xx_hal_gpio.c ****         active and the GPIO pins are configured in input floating mode (except JTAG
  82:Drivers/STM32F7xx_HAL_Driver/Src/stm32f7xx_hal_gpio.c ****         pins).
  83:Drivers/STM32F7xx_HAL_Driver/Src/stm32f7xx_hal_gpio.c ****   
  84:Drivers/STM32F7xx_HAL_Driver/Src/stm32f7xx_hal_gpio.c ****     (#) The LSE oscillator pins OSC32_IN and OSC32_OUT can be used as general purpose 
  85:Drivers/STM32F7xx_HAL_Driver/Src/stm32f7xx_hal_gpio.c ****         (PC14 and PC15, respectively) when the LSE oscillator is off. The LSE has 
  86:Drivers/STM32F7xx_HAL_Driver/Src/stm32f7xx_hal_gpio.c ****         priority over the GPIO function.
  87:Drivers/STM32F7xx_HAL_Driver/Src/stm32f7xx_hal_gpio.c ****   
  88:Drivers/STM32F7xx_HAL_Driver/Src/stm32f7xx_hal_gpio.c ****     (#) The HSE oscillator pins OSC_IN/OSC_OUT can be used as 
ARM GAS  C:\Users\ROUTHE~1\AppData\Local\Temp\ccCUmG0H.s 			page 3


  89:Drivers/STM32F7xx_HAL_Driver/Src/stm32f7xx_hal_gpio.c ****         general purpose PH0 and PH1, respectively, when the HSE oscillator is off. 
  90:Drivers/STM32F7xx_HAL_Driver/Src/stm32f7xx_hal_gpio.c ****         The HSE has priority over the GPIO function.
  91:Drivers/STM32F7xx_HAL_Driver/Src/stm32f7xx_hal_gpio.c ****   
  92:Drivers/STM32F7xx_HAL_Driver/Src/stm32f7xx_hal_gpio.c ****   @endverbatim
  93:Drivers/STM32F7xx_HAL_Driver/Src/stm32f7xx_hal_gpio.c ****   ******************************************************************************
  94:Drivers/STM32F7xx_HAL_Driver/Src/stm32f7xx_hal_gpio.c ****   * @attention
  95:Drivers/STM32F7xx_HAL_Driver/Src/stm32f7xx_hal_gpio.c ****   *
  96:Drivers/STM32F7xx_HAL_Driver/Src/stm32f7xx_hal_gpio.c ****   * <h2><center>&copy; COPYRIGHT(c) 2017 STMicroelectronics</center></h2>
  97:Drivers/STM32F7xx_HAL_Driver/Src/stm32f7xx_hal_gpio.c ****   *
  98:Drivers/STM32F7xx_HAL_Driver/Src/stm32f7xx_hal_gpio.c ****   * Redistribution and use in source and binary forms, with or without modification,
  99:Drivers/STM32F7xx_HAL_Driver/Src/stm32f7xx_hal_gpio.c ****   * are permitted provided that the following conditions are met:
 100:Drivers/STM32F7xx_HAL_Driver/Src/stm32f7xx_hal_gpio.c ****   *   1. Redistributions of source code must retain the above copyright notice,
 101:Drivers/STM32F7xx_HAL_Driver/Src/stm32f7xx_hal_gpio.c ****   *      this list of conditions and the following disclaimer.
 102:Drivers/STM32F7xx_HAL_Driver/Src/stm32f7xx_hal_gpio.c ****   *   2. Redistributions in binary form must reproduce the above copyright notice,
 103:Drivers/STM32F7xx_HAL_Driver/Src/stm32f7xx_hal_gpio.c ****   *      this list of conditions and the following disclaimer in the documentation
 104:Drivers/STM32F7xx_HAL_Driver/Src/stm32f7xx_hal_gpio.c ****   *      and/or other materials provided with the distribution.
 105:Drivers/STM32F7xx_HAL_Driver/Src/stm32f7xx_hal_gpio.c ****   *   3. Neither the name of STMicroelectronics nor the names of its contributors
 106:Drivers/STM32F7xx_HAL_Driver/Src/stm32f7xx_hal_gpio.c ****   *      may be used to endorse or promote products derived from this software
 107:Drivers/STM32F7xx_HAL_Driver/Src/stm32f7xx_hal_gpio.c ****   *      without specific prior written permission.
 108:Drivers/STM32F7xx_HAL_Driver/Src/stm32f7xx_hal_gpio.c ****   *
 109:Drivers/STM32F7xx_HAL_Driver/Src/stm32f7xx_hal_gpio.c ****   * THIS SOFTWARE IS PROVIDED BY THE COPYRIGHT HOLDERS AND CONTRIBUTORS "AS IS"
 110:Drivers/STM32F7xx_HAL_Driver/Src/stm32f7xx_hal_gpio.c ****   * AND ANY EXPRESS OR IMPLIED WARRANTIES, INCLUDING, BUT NOT LIMITED TO, THE
 111:Drivers/STM32F7xx_HAL_Driver/Src/stm32f7xx_hal_gpio.c ****   * IMPLIED WARRANTIES OF MERCHANTABILITY AND FITNESS FOR A PARTICULAR PURPOSE ARE
 112:Drivers/STM32F7xx_HAL_Driver/Src/stm32f7xx_hal_gpio.c ****   * DISCLAIMED. IN NO EVENT SHALL THE COPYRIGHT HOLDER OR CONTRIBUTORS BE LIABLE
 113:Drivers/STM32F7xx_HAL_Driver/Src/stm32f7xx_hal_gpio.c ****   * FOR ANY DIRECT, INDIRECT, INCIDENTAL, SPECIAL, EXEMPLARY, OR CONSEQUENTIAL
 114:Drivers/STM32F7xx_HAL_Driver/Src/stm32f7xx_hal_gpio.c ****   * DAMAGES (INCLUDING, BUT NOT LIMITED TO, PROCUREMENT OF SUBSTITUTE GOODS OR
 115:Drivers/STM32F7xx_HAL_Driver/Src/stm32f7xx_hal_gpio.c ****   * SERVICES; LOSS OF USE, DATA, OR PROFITS; OR BUSINESS INTERRUPTION) HOWEVER
 116:Drivers/STM32F7xx_HAL_Driver/Src/stm32f7xx_hal_gpio.c ****   * CAUSED AND ON ANY THEORY OF LIABILITY, WHETHER IN CONTRACT, STRICT LIABILITY,
 117:Drivers/STM32F7xx_HAL_Driver/Src/stm32f7xx_hal_gpio.c ****   * OR TORT (INCLUDING NEGLIGENCE OR OTHERWISE) ARISING IN ANY WAY OUT OF THE USE
 118:Drivers/STM32F7xx_HAL_Driver/Src/stm32f7xx_hal_gpio.c ****   * OF THIS SOFTWARE, EVEN IF ADVISED OF THE POSSIBILITY OF SUCH DAMAGE.
 119:Drivers/STM32F7xx_HAL_Driver/Src/stm32f7xx_hal_gpio.c ****   *
 120:Drivers/STM32F7xx_HAL_Driver/Src/stm32f7xx_hal_gpio.c ****   ******************************************************************************
 121:Drivers/STM32F7xx_HAL_Driver/Src/stm32f7xx_hal_gpio.c ****   */ 
 122:Drivers/STM32F7xx_HAL_Driver/Src/stm32f7xx_hal_gpio.c **** 
 123:Drivers/STM32F7xx_HAL_Driver/Src/stm32f7xx_hal_gpio.c **** /* Includes ------------------------------------------------------------------*/
 124:Drivers/STM32F7xx_HAL_Driver/Src/stm32f7xx_hal_gpio.c **** #include "stm32f7xx_hal.h"
 125:Drivers/STM32F7xx_HAL_Driver/Src/stm32f7xx_hal_gpio.c **** 
 126:Drivers/STM32F7xx_HAL_Driver/Src/stm32f7xx_hal_gpio.c **** /** @addtogroup STM32F7xx_HAL_Driver
 127:Drivers/STM32F7xx_HAL_Driver/Src/stm32f7xx_hal_gpio.c ****   * @{
 128:Drivers/STM32F7xx_HAL_Driver/Src/stm32f7xx_hal_gpio.c ****   */
 129:Drivers/STM32F7xx_HAL_Driver/Src/stm32f7xx_hal_gpio.c **** 
 130:Drivers/STM32F7xx_HAL_Driver/Src/stm32f7xx_hal_gpio.c **** /** @defgroup GPIO GPIO
 131:Drivers/STM32F7xx_HAL_Driver/Src/stm32f7xx_hal_gpio.c ****   * @brief GPIO HAL module driver
 132:Drivers/STM32F7xx_HAL_Driver/Src/stm32f7xx_hal_gpio.c ****   * @{
 133:Drivers/STM32F7xx_HAL_Driver/Src/stm32f7xx_hal_gpio.c ****   */
 134:Drivers/STM32F7xx_HAL_Driver/Src/stm32f7xx_hal_gpio.c **** 
 135:Drivers/STM32F7xx_HAL_Driver/Src/stm32f7xx_hal_gpio.c **** #ifdef HAL_GPIO_MODULE_ENABLED
 136:Drivers/STM32F7xx_HAL_Driver/Src/stm32f7xx_hal_gpio.c **** 
 137:Drivers/STM32F7xx_HAL_Driver/Src/stm32f7xx_hal_gpio.c **** /* Private typedef -----------------------------------------------------------*/
 138:Drivers/STM32F7xx_HAL_Driver/Src/stm32f7xx_hal_gpio.c **** /* Private define ------------------------------------------------------------*/
 139:Drivers/STM32F7xx_HAL_Driver/Src/stm32f7xx_hal_gpio.c **** /** @addtogroup GPIO_Private_Constants GPIO Private Constants
 140:Drivers/STM32F7xx_HAL_Driver/Src/stm32f7xx_hal_gpio.c ****   * @{
 141:Drivers/STM32F7xx_HAL_Driver/Src/stm32f7xx_hal_gpio.c ****   */
 142:Drivers/STM32F7xx_HAL_Driver/Src/stm32f7xx_hal_gpio.c **** #define GPIO_MODE             ((uint32_t)0x00000003U)
 143:Drivers/STM32F7xx_HAL_Driver/Src/stm32f7xx_hal_gpio.c **** #define EXTI_MODE             ((uint32_t)0x10000000U)
 144:Drivers/STM32F7xx_HAL_Driver/Src/stm32f7xx_hal_gpio.c **** #define GPIO_MODE_IT          ((uint32_t)0x00010000U)
 145:Drivers/STM32F7xx_HAL_Driver/Src/stm32f7xx_hal_gpio.c **** #define GPIO_MODE_EVT         ((uint32_t)0x00020000U)
ARM GAS  C:\Users\ROUTHE~1\AppData\Local\Temp\ccCUmG0H.s 			page 4


 146:Drivers/STM32F7xx_HAL_Driver/Src/stm32f7xx_hal_gpio.c **** #define RISING_EDGE           ((uint32_t)0x00100000U)
 147:Drivers/STM32F7xx_HAL_Driver/Src/stm32f7xx_hal_gpio.c **** #define FALLING_EDGE          ((uint32_t)0x00200000U)
 148:Drivers/STM32F7xx_HAL_Driver/Src/stm32f7xx_hal_gpio.c **** #define GPIO_OUTPUT_TYPE      ((uint32_t)0x00000010U)
 149:Drivers/STM32F7xx_HAL_Driver/Src/stm32f7xx_hal_gpio.c **** 
 150:Drivers/STM32F7xx_HAL_Driver/Src/stm32f7xx_hal_gpio.c **** #define GPIO_NUMBER           ((uint32_t)16U)
 151:Drivers/STM32F7xx_HAL_Driver/Src/stm32f7xx_hal_gpio.c **** /**
 152:Drivers/STM32F7xx_HAL_Driver/Src/stm32f7xx_hal_gpio.c ****   * @}
 153:Drivers/STM32F7xx_HAL_Driver/Src/stm32f7xx_hal_gpio.c ****   */
 154:Drivers/STM32F7xx_HAL_Driver/Src/stm32f7xx_hal_gpio.c **** /* Private macro -------------------------------------------------------------*/
 155:Drivers/STM32F7xx_HAL_Driver/Src/stm32f7xx_hal_gpio.c **** /* Private variables ---------------------------------------------------------*/
 156:Drivers/STM32F7xx_HAL_Driver/Src/stm32f7xx_hal_gpio.c **** /* Private function prototypes -----------------------------------------------*/
 157:Drivers/STM32F7xx_HAL_Driver/Src/stm32f7xx_hal_gpio.c **** /* Private functions ---------------------------------------------------------*/
 158:Drivers/STM32F7xx_HAL_Driver/Src/stm32f7xx_hal_gpio.c **** /* Exported functions --------------------------------------------------------*/
 159:Drivers/STM32F7xx_HAL_Driver/Src/stm32f7xx_hal_gpio.c **** /** @defgroup GPIO_Exported_Functions GPIO Exported Functions
 160:Drivers/STM32F7xx_HAL_Driver/Src/stm32f7xx_hal_gpio.c ****   * @{
 161:Drivers/STM32F7xx_HAL_Driver/Src/stm32f7xx_hal_gpio.c ****   */
 162:Drivers/STM32F7xx_HAL_Driver/Src/stm32f7xx_hal_gpio.c **** 
 163:Drivers/STM32F7xx_HAL_Driver/Src/stm32f7xx_hal_gpio.c **** /** @defgroup GPIO_Exported_Functions_Group1 Initialization and de-initialization functions
 164:Drivers/STM32F7xx_HAL_Driver/Src/stm32f7xx_hal_gpio.c ****  *  @brief    Initialization and Configuration functions
 165:Drivers/STM32F7xx_HAL_Driver/Src/stm32f7xx_hal_gpio.c ****  *
 166:Drivers/STM32F7xx_HAL_Driver/Src/stm32f7xx_hal_gpio.c **** @verbatim
 167:Drivers/STM32F7xx_HAL_Driver/Src/stm32f7xx_hal_gpio.c ****  ===============================================================================
 168:Drivers/STM32F7xx_HAL_Driver/Src/stm32f7xx_hal_gpio.c ****               ##### Initialization and de-initialization functions #####
 169:Drivers/STM32F7xx_HAL_Driver/Src/stm32f7xx_hal_gpio.c ****  ===============================================================================
 170:Drivers/STM32F7xx_HAL_Driver/Src/stm32f7xx_hal_gpio.c ****   [..]
 171:Drivers/STM32F7xx_HAL_Driver/Src/stm32f7xx_hal_gpio.c ****     This section provides functions allowing to initialize and de-initialize the GPIOs
 172:Drivers/STM32F7xx_HAL_Driver/Src/stm32f7xx_hal_gpio.c ****     to be ready for use.
 173:Drivers/STM32F7xx_HAL_Driver/Src/stm32f7xx_hal_gpio.c ****  
 174:Drivers/STM32F7xx_HAL_Driver/Src/stm32f7xx_hal_gpio.c **** @endverbatim
 175:Drivers/STM32F7xx_HAL_Driver/Src/stm32f7xx_hal_gpio.c ****   * @{
 176:Drivers/STM32F7xx_HAL_Driver/Src/stm32f7xx_hal_gpio.c ****   */
 177:Drivers/STM32F7xx_HAL_Driver/Src/stm32f7xx_hal_gpio.c **** 
 178:Drivers/STM32F7xx_HAL_Driver/Src/stm32f7xx_hal_gpio.c **** /**
 179:Drivers/STM32F7xx_HAL_Driver/Src/stm32f7xx_hal_gpio.c ****   * @brief  Initializes the GPIOx peripheral according to the specified parameters in the GPIO_Init
 180:Drivers/STM32F7xx_HAL_Driver/Src/stm32f7xx_hal_gpio.c ****   * @param  GPIOx where x can be (A..K) to select the GPIO peripheral.
 181:Drivers/STM32F7xx_HAL_Driver/Src/stm32f7xx_hal_gpio.c ****   * @param  GPIO_Init pointer to a GPIO_InitTypeDef structure that contains
 182:Drivers/STM32F7xx_HAL_Driver/Src/stm32f7xx_hal_gpio.c ****   *         the configuration information for the specified GPIO peripheral.
 183:Drivers/STM32F7xx_HAL_Driver/Src/stm32f7xx_hal_gpio.c ****   * @retval None
 184:Drivers/STM32F7xx_HAL_Driver/Src/stm32f7xx_hal_gpio.c ****   */
 185:Drivers/STM32F7xx_HAL_Driver/Src/stm32f7xx_hal_gpio.c **** void HAL_GPIO_Init(GPIO_TypeDef  *GPIOx, GPIO_InitTypeDef *GPIO_Init)
 186:Drivers/STM32F7xx_HAL_Driver/Src/stm32f7xx_hal_gpio.c **** {
  28              		.loc 1 186 0
  29              		.cfi_startproc
  30              		@ args = 0, pretend = 0, frame = 8
  31              		@ frame_needed = 0, uses_anonymous_args = 0
  32              	.LVL0:
  33 0000 F0B5     		push	{r4, r5, r6, r7, lr}
  34              	.LCFI0:
  35              		.cfi_def_cfa_offset 20
  36              		.cfi_offset 4, -20
  37              		.cfi_offset 5, -16
  38              		.cfi_offset 6, -12
  39              		.cfi_offset 7, -8
  40              		.cfi_offset 14, -4
  41 0002 83B0     		sub	sp, sp, #12
  42              	.LCFI1:
  43              		.cfi_def_cfa_offset 32
ARM GAS  C:\Users\ROUTHE~1\AppData\Local\Temp\ccCUmG0H.s 			page 5


  44              	.LVL1:
 187:Drivers/STM32F7xx_HAL_Driver/Src/stm32f7xx_hal_gpio.c ****   uint32_t position = 0x00;
 188:Drivers/STM32F7xx_HAL_Driver/Src/stm32f7xx_hal_gpio.c ****   uint32_t ioposition = 0x00;
 189:Drivers/STM32F7xx_HAL_Driver/Src/stm32f7xx_hal_gpio.c ****   uint32_t iocurrent = 0x00;
 190:Drivers/STM32F7xx_HAL_Driver/Src/stm32f7xx_hal_gpio.c ****   uint32_t temp = 0x00;
 191:Drivers/STM32F7xx_HAL_Driver/Src/stm32f7xx_hal_gpio.c **** 
 192:Drivers/STM32F7xx_HAL_Driver/Src/stm32f7xx_hal_gpio.c ****   /* Check the parameters */
 193:Drivers/STM32F7xx_HAL_Driver/Src/stm32f7xx_hal_gpio.c ****   assert_param(IS_GPIO_ALL_INSTANCE(GPIOx));
 194:Drivers/STM32F7xx_HAL_Driver/Src/stm32f7xx_hal_gpio.c ****   assert_param(IS_GPIO_PIN(GPIO_Init->Pin));
 195:Drivers/STM32F7xx_HAL_Driver/Src/stm32f7xx_hal_gpio.c ****   assert_param(IS_GPIO_MODE(GPIO_Init->Mode));
 196:Drivers/STM32F7xx_HAL_Driver/Src/stm32f7xx_hal_gpio.c ****   assert_param(IS_GPIO_PULL(GPIO_Init->Pull));
 197:Drivers/STM32F7xx_HAL_Driver/Src/stm32f7xx_hal_gpio.c **** 
 198:Drivers/STM32F7xx_HAL_Driver/Src/stm32f7xx_hal_gpio.c ****   /* Configure the port pins */
 199:Drivers/STM32F7xx_HAL_Driver/Src/stm32f7xx_hal_gpio.c ****   for(position = 0; position < GPIO_NUMBER; position++)
  45              		.loc 1 199 0
  46 0004 0024     		movs	r4, #0
  47 0006 37E0     		b	.L2
  48              	.LVL2:
  49              	.L25:
 200:Drivers/STM32F7xx_HAL_Driver/Src/stm32f7xx_hal_gpio.c ****   {
 201:Drivers/STM32F7xx_HAL_Driver/Src/stm32f7xx_hal_gpio.c ****     /* Get the IO position */
 202:Drivers/STM32F7xx_HAL_Driver/Src/stm32f7xx_hal_gpio.c ****     ioposition = ((uint32_t)0x01) << position;
 203:Drivers/STM32F7xx_HAL_Driver/Src/stm32f7xx_hal_gpio.c ****     /* Get the current IO position */
 204:Drivers/STM32F7xx_HAL_Driver/Src/stm32f7xx_hal_gpio.c ****     iocurrent = (uint32_t)(GPIO_Init->Pin) & ioposition;
 205:Drivers/STM32F7xx_HAL_Driver/Src/stm32f7xx_hal_gpio.c **** 
 206:Drivers/STM32F7xx_HAL_Driver/Src/stm32f7xx_hal_gpio.c ****     if(iocurrent == ioposition)
 207:Drivers/STM32F7xx_HAL_Driver/Src/stm32f7xx_hal_gpio.c ****     {
 208:Drivers/STM32F7xx_HAL_Driver/Src/stm32f7xx_hal_gpio.c ****       /*--------------------- GPIO Mode Configuration ------------------------*/
 209:Drivers/STM32F7xx_HAL_Driver/Src/stm32f7xx_hal_gpio.c ****       /* In case of Alternate function mode selection */
 210:Drivers/STM32F7xx_HAL_Driver/Src/stm32f7xx_hal_gpio.c ****       if((GPIO_Init->Mode == GPIO_MODE_AF_PP) || (GPIO_Init->Mode == GPIO_MODE_AF_OD))
 211:Drivers/STM32F7xx_HAL_Driver/Src/stm32f7xx_hal_gpio.c ****       {
 212:Drivers/STM32F7xx_HAL_Driver/Src/stm32f7xx_hal_gpio.c ****         /* Check the Alternate function parameter */
 213:Drivers/STM32F7xx_HAL_Driver/Src/stm32f7xx_hal_gpio.c ****         assert_param(IS_GPIO_AF(GPIO_Init->Alternate));
 214:Drivers/STM32F7xx_HAL_Driver/Src/stm32f7xx_hal_gpio.c ****         
 215:Drivers/STM32F7xx_HAL_Driver/Src/stm32f7xx_hal_gpio.c ****         /* Configure Alternate function mapped with the current IO */
 216:Drivers/STM32F7xx_HAL_Driver/Src/stm32f7xx_hal_gpio.c ****         temp = GPIOx->AFR[position >> 3];
 217:Drivers/STM32F7xx_HAL_Driver/Src/stm32f7xx_hal_gpio.c ****         temp &= ~((uint32_t)0xF << ((uint32_t)(position & (uint32_t)0x07) * 4)) ;
 218:Drivers/STM32F7xx_HAL_Driver/Src/stm32f7xx_hal_gpio.c ****         temp |= ((uint32_t)(GPIO_Init->Alternate) << (((uint32_t)position & (uint32_t)0x07) * 4));
 219:Drivers/STM32F7xx_HAL_Driver/Src/stm32f7xx_hal_gpio.c ****         GPIOx->AFR[position >> 3] = temp;
 220:Drivers/STM32F7xx_HAL_Driver/Src/stm32f7xx_hal_gpio.c ****       }
 221:Drivers/STM32F7xx_HAL_Driver/Src/stm32f7xx_hal_gpio.c **** 
 222:Drivers/STM32F7xx_HAL_Driver/Src/stm32f7xx_hal_gpio.c ****       /* Configure IO Direction mode (Input, Output, Alternate or Analog) */
 223:Drivers/STM32F7xx_HAL_Driver/Src/stm32f7xx_hal_gpio.c ****       temp = GPIOx->MODER;
 224:Drivers/STM32F7xx_HAL_Driver/Src/stm32f7xx_hal_gpio.c ****       temp &= ~(GPIO_MODER_MODER0 << (position * 2));
 225:Drivers/STM32F7xx_HAL_Driver/Src/stm32f7xx_hal_gpio.c ****       temp |= ((GPIO_Init->Mode & GPIO_MODE) << (position * 2));
 226:Drivers/STM32F7xx_HAL_Driver/Src/stm32f7xx_hal_gpio.c ****       GPIOx->MODER = temp;
 227:Drivers/STM32F7xx_HAL_Driver/Src/stm32f7xx_hal_gpio.c **** 
 228:Drivers/STM32F7xx_HAL_Driver/Src/stm32f7xx_hal_gpio.c ****       /* In case of Output or Alternate function mode selection */
 229:Drivers/STM32F7xx_HAL_Driver/Src/stm32f7xx_hal_gpio.c ****       if((GPIO_Init->Mode == GPIO_MODE_OUTPUT_PP) || (GPIO_Init->Mode == GPIO_MODE_AF_PP) ||
 230:Drivers/STM32F7xx_HAL_Driver/Src/stm32f7xx_hal_gpio.c ****          (GPIO_Init->Mode == GPIO_MODE_OUTPUT_OD) || (GPIO_Init->Mode == GPIO_MODE_AF_OD))
 231:Drivers/STM32F7xx_HAL_Driver/Src/stm32f7xx_hal_gpio.c ****       {
 232:Drivers/STM32F7xx_HAL_Driver/Src/stm32f7xx_hal_gpio.c ****         /* Check the Speed parameter */
 233:Drivers/STM32F7xx_HAL_Driver/Src/stm32f7xx_hal_gpio.c ****         assert_param(IS_GPIO_SPEED(GPIO_Init->Speed));
 234:Drivers/STM32F7xx_HAL_Driver/Src/stm32f7xx_hal_gpio.c ****         /* Configure the IO Speed */
 235:Drivers/STM32F7xx_HAL_Driver/Src/stm32f7xx_hal_gpio.c ****         temp = GPIOx->OSPEEDR; 
 236:Drivers/STM32F7xx_HAL_Driver/Src/stm32f7xx_hal_gpio.c ****         temp &= ~(GPIO_OSPEEDER_OSPEEDR0 << (position * 2));
 237:Drivers/STM32F7xx_HAL_Driver/Src/stm32f7xx_hal_gpio.c ****         temp |= (GPIO_Init->Speed << (position * 2));
ARM GAS  C:\Users\ROUTHE~1\AppData\Local\Temp\ccCUmG0H.s 			page 6


 238:Drivers/STM32F7xx_HAL_Driver/Src/stm32f7xx_hal_gpio.c ****         GPIOx->OSPEEDR = temp;
 239:Drivers/STM32F7xx_HAL_Driver/Src/stm32f7xx_hal_gpio.c **** 
 240:Drivers/STM32F7xx_HAL_Driver/Src/stm32f7xx_hal_gpio.c ****         /* Configure the IO Output Type */
 241:Drivers/STM32F7xx_HAL_Driver/Src/stm32f7xx_hal_gpio.c ****         temp = GPIOx->OTYPER;
 242:Drivers/STM32F7xx_HAL_Driver/Src/stm32f7xx_hal_gpio.c ****         temp &= ~(GPIO_OTYPER_OT_0 << position) ;
 243:Drivers/STM32F7xx_HAL_Driver/Src/stm32f7xx_hal_gpio.c ****         temp |= (((GPIO_Init->Mode & GPIO_OUTPUT_TYPE) >> 4) << position);
 244:Drivers/STM32F7xx_HAL_Driver/Src/stm32f7xx_hal_gpio.c ****         GPIOx->OTYPER = temp;
 245:Drivers/STM32F7xx_HAL_Driver/Src/stm32f7xx_hal_gpio.c ****       }
 246:Drivers/STM32F7xx_HAL_Driver/Src/stm32f7xx_hal_gpio.c **** 
 247:Drivers/STM32F7xx_HAL_Driver/Src/stm32f7xx_hal_gpio.c ****       /* Activate the Pull-up or Pull down resistor for the current IO */
 248:Drivers/STM32F7xx_HAL_Driver/Src/stm32f7xx_hal_gpio.c ****       temp = GPIOx->PUPDR;
 249:Drivers/STM32F7xx_HAL_Driver/Src/stm32f7xx_hal_gpio.c ****       temp &= ~(GPIO_PUPDR_PUPDR0 << (position * 2));
 250:Drivers/STM32F7xx_HAL_Driver/Src/stm32f7xx_hal_gpio.c ****       temp |= ((GPIO_Init->Pull) << (position * 2));
 251:Drivers/STM32F7xx_HAL_Driver/Src/stm32f7xx_hal_gpio.c ****       GPIOx->PUPDR = temp;
 252:Drivers/STM32F7xx_HAL_Driver/Src/stm32f7xx_hal_gpio.c **** 
 253:Drivers/STM32F7xx_HAL_Driver/Src/stm32f7xx_hal_gpio.c ****       /*--------------------- EXTI Mode Configuration ------------------------*/
 254:Drivers/STM32F7xx_HAL_Driver/Src/stm32f7xx_hal_gpio.c ****       /* Configure the External Interrupt or event for the current IO */
 255:Drivers/STM32F7xx_HAL_Driver/Src/stm32f7xx_hal_gpio.c ****       if((GPIO_Init->Mode & EXTI_MODE) == EXTI_MODE)
 256:Drivers/STM32F7xx_HAL_Driver/Src/stm32f7xx_hal_gpio.c ****       {
 257:Drivers/STM32F7xx_HAL_Driver/Src/stm32f7xx_hal_gpio.c ****         /* Enable SYSCFG Clock */
 258:Drivers/STM32F7xx_HAL_Driver/Src/stm32f7xx_hal_gpio.c ****         __HAL_RCC_SYSCFG_CLK_ENABLE();
 259:Drivers/STM32F7xx_HAL_Driver/Src/stm32f7xx_hal_gpio.c **** 
 260:Drivers/STM32F7xx_HAL_Driver/Src/stm32f7xx_hal_gpio.c ****         temp = SYSCFG->EXTICR[position >> 2];
 261:Drivers/STM32F7xx_HAL_Driver/Src/stm32f7xx_hal_gpio.c ****         temp &= ~(((uint32_t)0x0F) << (4 * (position & 0x03)));
 262:Drivers/STM32F7xx_HAL_Driver/Src/stm32f7xx_hal_gpio.c ****         temp |= ((uint32_t)(GPIO_GET_INDEX(GPIOx)) << (4 * (position & 0x03)));
  50              		.loc 1 262 0
  51 0008 0926     		movs	r6, #9
  52 000a 00E0     		b	.L7
  53              	.L13:
  54 000c 0026     		movs	r6, #0
  55              	.L7:
  56              		.loc 1 262 0 is_stmt 0 discriminator 40
  57 000e 06FA0EF6 		lsl	r6, r6, lr
  58 0012 3243     		orrs	r2, r2, r6
  59              	.LVL3:
 263:Drivers/STM32F7xx_HAL_Driver/Src/stm32f7xx_hal_gpio.c ****         SYSCFG->EXTICR[position >> 2] = temp;
  60              		.loc 1 263 0 is_stmt 1 discriminator 40
  61 0014 0233     		adds	r3, r3, #2
  62 0016 6C4E     		ldr	r6, .L26
  63 0018 46F82320 		str	r2, [r6, r3, lsl #2]
 264:Drivers/STM32F7xx_HAL_Driver/Src/stm32f7xx_hal_gpio.c **** 
 265:Drivers/STM32F7xx_HAL_Driver/Src/stm32f7xx_hal_gpio.c ****         /* Clear EXTI line configuration */
 266:Drivers/STM32F7xx_HAL_Driver/Src/stm32f7xx_hal_gpio.c ****         temp = EXTI->IMR;
  64              		.loc 1 266 0 discriminator 40
  65 001c 6B4B     		ldr	r3, .L26+4
  66 001e 1A68     		ldr	r2, [r3]
  67              	.LVL4:
 267:Drivers/STM32F7xx_HAL_Driver/Src/stm32f7xx_hal_gpio.c ****         temp &= ~((uint32_t)iocurrent);
  68              		.loc 1 267 0 discriminator 40
  69 0020 EB43     		mvns	r3, r5
  70 0022 02EA0306 		and	r6, r2, r3
  71              	.LVL5:
 268:Drivers/STM32F7xx_HAL_Driver/Src/stm32f7xx_hal_gpio.c ****         if((GPIO_Init->Mode & GPIO_MODE_IT) == GPIO_MODE_IT)
  72              		.loc 1 268 0 discriminator 40
  73 0026 4F68     		ldr	r7, [r1, #4]
  74 0028 17F4803F 		tst	r7, #65536
  75 002c 01D0     		beq	.L8
ARM GAS  C:\Users\ROUTHE~1\AppData\Local\Temp\ccCUmG0H.s 			page 7


 269:Drivers/STM32F7xx_HAL_Driver/Src/stm32f7xx_hal_gpio.c ****         {
 270:Drivers/STM32F7xx_HAL_Driver/Src/stm32f7xx_hal_gpio.c ****           temp |= iocurrent;
  76              		.loc 1 270 0
  77 002e 45EA0206 		orr	r6, r5, r2
  78              	.LVL6:
  79              	.L8:
 271:Drivers/STM32F7xx_HAL_Driver/Src/stm32f7xx_hal_gpio.c ****         }
 272:Drivers/STM32F7xx_HAL_Driver/Src/stm32f7xx_hal_gpio.c ****         EXTI->IMR = temp;
  80              		.loc 1 272 0
  81 0032 664A     		ldr	r2, .L26+4
  82 0034 1660     		str	r6, [r2]
 273:Drivers/STM32F7xx_HAL_Driver/Src/stm32f7xx_hal_gpio.c **** 
 274:Drivers/STM32F7xx_HAL_Driver/Src/stm32f7xx_hal_gpio.c ****         temp = EXTI->EMR;
  83              		.loc 1 274 0
  84 0036 5268     		ldr	r2, [r2, #4]
  85              	.LVL7:
 275:Drivers/STM32F7xx_HAL_Driver/Src/stm32f7xx_hal_gpio.c ****         temp &= ~((uint32_t)iocurrent);
  86              		.loc 1 275 0
  87 0038 03EA0206 		and	r6, r3, r2
  88              	.LVL8:
 276:Drivers/STM32F7xx_HAL_Driver/Src/stm32f7xx_hal_gpio.c ****         if((GPIO_Init->Mode & GPIO_MODE_EVT) == GPIO_MODE_EVT)
  89              		.loc 1 276 0
  90 003c 4F68     		ldr	r7, [r1, #4]
  91 003e 17F4003F 		tst	r7, #131072
  92 0042 01D0     		beq	.L9
 277:Drivers/STM32F7xx_HAL_Driver/Src/stm32f7xx_hal_gpio.c ****         {
 278:Drivers/STM32F7xx_HAL_Driver/Src/stm32f7xx_hal_gpio.c ****           temp |= iocurrent;
  93              		.loc 1 278 0
  94 0044 45EA0206 		orr	r6, r5, r2
  95              	.LVL9:
  96              	.L9:
 279:Drivers/STM32F7xx_HAL_Driver/Src/stm32f7xx_hal_gpio.c ****         }
 280:Drivers/STM32F7xx_HAL_Driver/Src/stm32f7xx_hal_gpio.c ****         EXTI->EMR = temp;
  97              		.loc 1 280 0
  98 0048 604A     		ldr	r2, .L26+4
  99 004a 5660     		str	r6, [r2, #4]
 281:Drivers/STM32F7xx_HAL_Driver/Src/stm32f7xx_hal_gpio.c **** 
 282:Drivers/STM32F7xx_HAL_Driver/Src/stm32f7xx_hal_gpio.c ****         /* Clear Rising Falling edge configuration */
 283:Drivers/STM32F7xx_HAL_Driver/Src/stm32f7xx_hal_gpio.c ****         temp = EXTI->RTSR;
 100              		.loc 1 283 0
 101 004c 9268     		ldr	r2, [r2, #8]
 102              	.LVL10:
 284:Drivers/STM32F7xx_HAL_Driver/Src/stm32f7xx_hal_gpio.c ****         temp &= ~((uint32_t)iocurrent);
 103              		.loc 1 284 0
 104 004e 03EA0206 		and	r6, r3, r2
 105              	.LVL11:
 285:Drivers/STM32F7xx_HAL_Driver/Src/stm32f7xx_hal_gpio.c ****         if((GPIO_Init->Mode & RISING_EDGE) == RISING_EDGE)
 106              		.loc 1 285 0
 107 0052 4F68     		ldr	r7, [r1, #4]
 108 0054 17F4801F 		tst	r7, #1048576
 109 0058 01D0     		beq	.L10
 286:Drivers/STM32F7xx_HAL_Driver/Src/stm32f7xx_hal_gpio.c ****         {
 287:Drivers/STM32F7xx_HAL_Driver/Src/stm32f7xx_hal_gpio.c ****           temp |= iocurrent;
 110              		.loc 1 287 0
 111 005a 45EA0206 		orr	r6, r5, r2
 112              	.LVL12:
 113              	.L10:
ARM GAS  C:\Users\ROUTHE~1\AppData\Local\Temp\ccCUmG0H.s 			page 8


 288:Drivers/STM32F7xx_HAL_Driver/Src/stm32f7xx_hal_gpio.c ****         }
 289:Drivers/STM32F7xx_HAL_Driver/Src/stm32f7xx_hal_gpio.c ****         EXTI->RTSR = temp;
 114              		.loc 1 289 0
 115 005e 5B4A     		ldr	r2, .L26+4
 116 0060 9660     		str	r6, [r2, #8]
 290:Drivers/STM32F7xx_HAL_Driver/Src/stm32f7xx_hal_gpio.c **** 
 291:Drivers/STM32F7xx_HAL_Driver/Src/stm32f7xx_hal_gpio.c ****         temp = EXTI->FTSR;
 117              		.loc 1 291 0
 118 0062 D268     		ldr	r2, [r2, #12]
 119              	.LVL13:
 292:Drivers/STM32F7xx_HAL_Driver/Src/stm32f7xx_hal_gpio.c ****         temp &= ~((uint32_t)iocurrent);
 120              		.loc 1 292 0
 121 0064 1340     		ands	r3, r3, r2
 122              	.LVL14:
 293:Drivers/STM32F7xx_HAL_Driver/Src/stm32f7xx_hal_gpio.c ****         if((GPIO_Init->Mode & FALLING_EDGE) == FALLING_EDGE)
 123              		.loc 1 293 0
 124 0066 4E68     		ldr	r6, [r1, #4]
 125 0068 16F4001F 		tst	r6, #2097152
 126 006c 01D0     		beq	.L11
 294:Drivers/STM32F7xx_HAL_Driver/Src/stm32f7xx_hal_gpio.c ****         {
 295:Drivers/STM32F7xx_HAL_Driver/Src/stm32f7xx_hal_gpio.c ****           temp |= iocurrent;
 127              		.loc 1 295 0
 128 006e 45EA0203 		orr	r3, r5, r2
 129              	.LVL15:
 130              	.L11:
 296:Drivers/STM32F7xx_HAL_Driver/Src/stm32f7xx_hal_gpio.c ****         }
 297:Drivers/STM32F7xx_HAL_Driver/Src/stm32f7xx_hal_gpio.c ****         EXTI->FTSR = temp;
 131              		.loc 1 297 0
 132 0072 564A     		ldr	r2, .L26+4
 133 0074 D360     		str	r3, [r2, #12]
 134              	.LVL16:
 135              	.L3:
 199:Drivers/STM32F7xx_HAL_Driver/Src/stm32f7xx_hal_gpio.c ****   {
 136              		.loc 1 199 0 discriminator 2
 137 0076 0134     		adds	r4, r4, #1
 138              	.LVL17:
 139              	.L2:
 199:Drivers/STM32F7xx_HAL_Driver/Src/stm32f7xx_hal_gpio.c ****   {
 140              		.loc 1 199 0 is_stmt 0 discriminator 1
 141 0078 0F2C     		cmp	r4, #15
 142 007a 00F2A380 		bhi	.L24
 202:Drivers/STM32F7xx_HAL_Driver/Src/stm32f7xx_hal_gpio.c ****     /* Get the current IO position */
 143              		.loc 1 202 0 is_stmt 1
 144 007e 0123     		movs	r3, #1
 145 0080 A340     		lsls	r3, r3, r4
 146              	.LVL18:
 204:Drivers/STM32F7xx_HAL_Driver/Src/stm32f7xx_hal_gpio.c **** 
 147              		.loc 1 204 0
 148 0082 0A68     		ldr	r2, [r1]
 149 0084 03EA0205 		and	r5, r3, r2
 150              	.LVL19:
 206:Drivers/STM32F7xx_HAL_Driver/Src/stm32f7xx_hal_gpio.c ****     {
 151              		.loc 1 206 0
 152 0088 AB42     		cmp	r3, r5
 153 008a F4D1     		bne	.L3
 210:Drivers/STM32F7xx_HAL_Driver/Src/stm32f7xx_hal_gpio.c ****       {
 154              		.loc 1 210 0
ARM GAS  C:\Users\ROUTHE~1\AppData\Local\Temp\ccCUmG0H.s 			page 9


 155 008c 4A68     		ldr	r2, [r1, #4]
 156 008e 122A     		cmp	r2, #18
 157 0090 18BF     		it	ne
 158 0092 022A     		cmpne	r2, #2
 159 0094 12D1     		bne	.L4
 216:Drivers/STM32F7xx_HAL_Driver/Src/stm32f7xx_hal_gpio.c ****         temp &= ~((uint32_t)0xF << ((uint32_t)(position & (uint32_t)0x07) * 4)) ;
 160              		.loc 1 216 0
 161 0096 4FEAD40E 		lsr	lr, r4, #3
 162 009a 0EF1080E 		add	lr, lr, #8
 163 009e 50F82E20 		ldr	r2, [r0, lr, lsl #2]
 164              	.LVL20:
 217:Drivers/STM32F7xx_HAL_Driver/Src/stm32f7xx_hal_gpio.c ****         temp |= ((uint32_t)(GPIO_Init->Alternate) << (((uint32_t)position & (uint32_t)0x07) * 4));
 165              		.loc 1 217 0
 166 00a2 04F00706 		and	r6, r4, #7
 167 00a6 B600     		lsls	r6, r6, #2
 168 00a8 0F27     		movs	r7, #15
 169 00aa B740     		lsls	r7, r7, r6
 170 00ac 22EA0702 		bic	r2, r2, r7
 171              	.LVL21:
 218:Drivers/STM32F7xx_HAL_Driver/Src/stm32f7xx_hal_gpio.c ****         GPIOx->AFR[position >> 3] = temp;
 172              		.loc 1 218 0
 173 00b0 0F69     		ldr	r7, [r1, #16]
 174 00b2 07FA06F6 		lsl	r6, r7, r6
 175 00b6 3243     		orrs	r2, r2, r6
 176              	.LVL22:
 219:Drivers/STM32F7xx_HAL_Driver/Src/stm32f7xx_hal_gpio.c ****       }
 177              		.loc 1 219 0
 178 00b8 40F82E20 		str	r2, [r0, lr, lsl #2]
 179              	.LVL23:
 180              	.L4:
 223:Drivers/STM32F7xx_HAL_Driver/Src/stm32f7xx_hal_gpio.c ****       temp &= ~(GPIO_MODER_MODER0 << (position * 2));
 181              		.loc 1 223 0
 182 00bc 0668     		ldr	r6, [r0]
 183              	.LVL24:
 224:Drivers/STM32F7xx_HAL_Driver/Src/stm32f7xx_hal_gpio.c ****       temp |= ((GPIO_Init->Mode & GPIO_MODE) << (position * 2));
 184              		.loc 1 224 0
 185 00be 4FEA440E 		lsl	lr, r4, #1
 186 00c2 0322     		movs	r2, #3
 187 00c4 02FA0EF2 		lsl	r2, r2, lr
 188 00c8 D243     		mvns	r2, r2
 189 00ca 1640     		ands	r6, r6, r2
 190              	.LVL25:
 225:Drivers/STM32F7xx_HAL_Driver/Src/stm32f7xx_hal_gpio.c ****       GPIOx->MODER = temp;
 191              		.loc 1 225 0
 192 00cc 4F68     		ldr	r7, [r1, #4]
 193 00ce 07F00307 		and	r7, r7, #3
 194 00d2 07FA0EF7 		lsl	r7, r7, lr
 195 00d6 3E43     		orrs	r6, r6, r7
 196              	.LVL26:
 226:Drivers/STM32F7xx_HAL_Driver/Src/stm32f7xx_hal_gpio.c **** 
 197              		.loc 1 226 0
 198 00d8 0660     		str	r6, [r0]
 229:Drivers/STM32F7xx_HAL_Driver/Src/stm32f7xx_hal_gpio.c ****          (GPIO_Init->Mode == GPIO_MODE_OUTPUT_OD) || (GPIO_Init->Mode == GPIO_MODE_AF_OD))
 199              		.loc 1 229 0
 200 00da 4E68     		ldr	r6, [r1, #4]
 201              	.LVL27:
 202 00dc 771E     		subs	r7, r6, #1
ARM GAS  C:\Users\ROUTHE~1\AppData\Local\Temp\ccCUmG0H.s 			page 10


 203 00de 112E     		cmp	r6, #17
 204 00e0 18BF     		it	ne
 205 00e2 012F     		cmpne	r7, #1
 206 00e4 01D9     		bls	.L5
 230:Drivers/STM32F7xx_HAL_Driver/Src/stm32f7xx_hal_gpio.c ****       {
 207              		.loc 1 230 0
 208 00e6 122E     		cmp	r6, #18
 209 00e8 0FD1     		bne	.L6
 210              	.L5:
 235:Drivers/STM32F7xx_HAL_Driver/Src/stm32f7xx_hal_gpio.c ****         temp &= ~(GPIO_OSPEEDER_OSPEEDR0 << (position * 2));
 211              		.loc 1 235 0
 212 00ea 8668     		ldr	r6, [r0, #8]
 213              	.LVL28:
 236:Drivers/STM32F7xx_HAL_Driver/Src/stm32f7xx_hal_gpio.c ****         temp |= (GPIO_Init->Speed << (position * 2));
 214              		.loc 1 236 0
 215 00ec 1640     		ands	r6, r6, r2
 216              	.LVL29:
 237:Drivers/STM32F7xx_HAL_Driver/Src/stm32f7xx_hal_gpio.c ****         GPIOx->OSPEEDR = temp;
 217              		.loc 1 237 0
 218 00ee CF68     		ldr	r7, [r1, #12]
 219 00f0 07FA0EF7 		lsl	r7, r7, lr
 220 00f4 3E43     		orrs	r6, r6, r7
 221              	.LVL30:
 238:Drivers/STM32F7xx_HAL_Driver/Src/stm32f7xx_hal_gpio.c **** 
 222              		.loc 1 238 0
 223 00f6 8660     		str	r6, [r0, #8]
 241:Drivers/STM32F7xx_HAL_Driver/Src/stm32f7xx_hal_gpio.c ****         temp &= ~(GPIO_OTYPER_OT_0 << position) ;
 224              		.loc 1 241 0
 225 00f8 4668     		ldr	r6, [r0, #4]
 226              	.LVL31:
 242:Drivers/STM32F7xx_HAL_Driver/Src/stm32f7xx_hal_gpio.c ****         temp |= (((GPIO_Init->Mode & GPIO_OUTPUT_TYPE) >> 4) << position);
 227              		.loc 1 242 0
 228 00fa 26EA0303 		bic	r3, r6, r3
 229              	.LVL32:
 243:Drivers/STM32F7xx_HAL_Driver/Src/stm32f7xx_hal_gpio.c ****         GPIOx->OTYPER = temp;
 230              		.loc 1 243 0
 231 00fe 4E68     		ldr	r6, [r1, #4]
 232 0100 C6F30016 		ubfx	r6, r6, #4, #1
 233 0104 A640     		lsls	r6, r6, r4
 234 0106 3343     		orrs	r3, r3, r6
 235              	.LVL33:
 244:Drivers/STM32F7xx_HAL_Driver/Src/stm32f7xx_hal_gpio.c ****       }
 236              		.loc 1 244 0
 237 0108 4360     		str	r3, [r0, #4]
 238              	.LVL34:
 239              	.L6:
 248:Drivers/STM32F7xx_HAL_Driver/Src/stm32f7xx_hal_gpio.c ****       temp &= ~(GPIO_PUPDR_PUPDR0 << (position * 2));
 240              		.loc 1 248 0
 241 010a C368     		ldr	r3, [r0, #12]
 242              	.LVL35:
 249:Drivers/STM32F7xx_HAL_Driver/Src/stm32f7xx_hal_gpio.c ****       temp |= ((GPIO_Init->Pull) << (position * 2));
 243              		.loc 1 249 0
 244 010c 1A40     		ands	r2, r2, r3
 245              	.LVL36:
 250:Drivers/STM32F7xx_HAL_Driver/Src/stm32f7xx_hal_gpio.c ****       GPIOx->PUPDR = temp;
 246              		.loc 1 250 0
 247 010e 8B68     		ldr	r3, [r1, #8]
ARM GAS  C:\Users\ROUTHE~1\AppData\Local\Temp\ccCUmG0H.s 			page 11


 248 0110 03FA0EF3 		lsl	r3, r3, lr
 249 0114 1A43     		orrs	r2, r2, r3
 250              	.LVL37:
 251:Drivers/STM32F7xx_HAL_Driver/Src/stm32f7xx_hal_gpio.c **** 
 251              		.loc 1 251 0
 252 0116 C260     		str	r2, [r0, #12]
 255:Drivers/STM32F7xx_HAL_Driver/Src/stm32f7xx_hal_gpio.c ****       {
 253              		.loc 1 255 0
 254 0118 4B68     		ldr	r3, [r1, #4]
 255 011a 13F0805F 		tst	r3, #268435456
 256 011e AAD0     		beq	.L3
 257              	.LBB2:
 258:Drivers/STM32F7xx_HAL_Driver/Src/stm32f7xx_hal_gpio.c **** 
 258              		.loc 1 258 0
 259 0120 2B4B     		ldr	r3, .L26+8
 260 0122 5A6C     		ldr	r2, [r3, #68]
 261              	.LVL38:
 262 0124 42F48042 		orr	r2, r2, #16384
 263 0128 5A64     		str	r2, [r3, #68]
 264              	.LVL39:
 265 012a 5B6C     		ldr	r3, [r3, #68]
 266 012c 03F48043 		and	r3, r3, #16384
 267 0130 0193     		str	r3, [sp, #4]
 268 0132 019B     		ldr	r3, [sp, #4]
 269              	.LBE2:
 260:Drivers/STM32F7xx_HAL_Driver/Src/stm32f7xx_hal_gpio.c ****         temp &= ~(((uint32_t)0x0F) << (4 * (position & 0x03)));
 270              		.loc 1 260 0
 271 0134 A308     		lsrs	r3, r4, #2
 272 0136 9E1C     		adds	r6, r3, #2
 273 0138 234A     		ldr	r2, .L26
 274 013a 52F82620 		ldr	r2, [r2, r6, lsl #2]
 275              	.LVL40:
 261:Drivers/STM32F7xx_HAL_Driver/Src/stm32f7xx_hal_gpio.c ****         temp |= ((uint32_t)(GPIO_GET_INDEX(GPIOx)) << (4 * (position & 0x03)));
 276              		.loc 1 261 0
 277 013e 04F00306 		and	r6, r4, #3
 278 0142 4FEA860E 		lsl	lr, r6, #2
 279 0146 0F26     		movs	r6, #15
 280 0148 06FA0EF6 		lsl	r6, r6, lr
 281 014c 22EA0602 		bic	r2, r2, r6
 282              	.LVL41:
 262:Drivers/STM32F7xx_HAL_Driver/Src/stm32f7xx_hal_gpio.c ****         SYSCFG->EXTICR[position >> 2] = temp;
 283              		.loc 1 262 0
 284 0150 204F     		ldr	r7, .L26+12
 285 0152 B842     		cmp	r0, r7
 286 0154 3FF45AAF 		beq	.L13
 262:Drivers/STM32F7xx_HAL_Driver/Src/stm32f7xx_hal_gpio.c ****         SYSCFG->EXTICR[position >> 2] = temp;
 287              		.loc 1 262 0 is_stmt 0 discriminator 1
 288 0158 1F4E     		ldr	r6, .L26+16
 289 015a B042     		cmp	r0, r6
 290 015c 22D0     		beq	.L14
 262:Drivers/STM32F7xx_HAL_Driver/Src/stm32f7xx_hal_gpio.c ****         SYSCFG->EXTICR[position >> 2] = temp;
 291              		.loc 1 262 0 discriminator 3
 292 015e 06F58066 		add	r6, r6, #1024
 293 0162 B042     		cmp	r0, r6
 294 0164 20D0     		beq	.L15
 262:Drivers/STM32F7xx_HAL_Driver/Src/stm32f7xx_hal_gpio.c ****         SYSCFG->EXTICR[position >> 2] = temp;
 295              		.loc 1 262 0 discriminator 5
ARM GAS  C:\Users\ROUTHE~1\AppData\Local\Temp\ccCUmG0H.s 			page 12


 296 0166 06F58066 		add	r6, r6, #1024
 297 016a B042     		cmp	r0, r6
 298 016c 1ED0     		beq	.L16
 262:Drivers/STM32F7xx_HAL_Driver/Src/stm32f7xx_hal_gpio.c ****         SYSCFG->EXTICR[position >> 2] = temp;
 299              		.loc 1 262 0 discriminator 7
 300 016e 06F58066 		add	r6, r6, #1024
 301 0172 B042     		cmp	r0, r6
 302 0174 1CD0     		beq	.L17
 262:Drivers/STM32F7xx_HAL_Driver/Src/stm32f7xx_hal_gpio.c ****         SYSCFG->EXTICR[position >> 2] = temp;
 303              		.loc 1 262 0 discriminator 9
 304 0176 06F58066 		add	r6, r6, #1024
 305 017a B042     		cmp	r0, r6
 306 017c 1AD0     		beq	.L18
 262:Drivers/STM32F7xx_HAL_Driver/Src/stm32f7xx_hal_gpio.c ****         SYSCFG->EXTICR[position >> 2] = temp;
 307              		.loc 1 262 0 discriminator 11
 308 017e 06F58066 		add	r6, r6, #1024
 309 0182 B042     		cmp	r0, r6
 310 0184 18D0     		beq	.L19
 262:Drivers/STM32F7xx_HAL_Driver/Src/stm32f7xx_hal_gpio.c ****         SYSCFG->EXTICR[position >> 2] = temp;
 311              		.loc 1 262 0 discriminator 13
 312 0186 06F58066 		add	r6, r6, #1024
 313 018a B042     		cmp	r0, r6
 314 018c 16D0     		beq	.L20
 262:Drivers/STM32F7xx_HAL_Driver/Src/stm32f7xx_hal_gpio.c ****         SYSCFG->EXTICR[position >> 2] = temp;
 315              		.loc 1 262 0 discriminator 15
 316 018e 06F58066 		add	r6, r6, #1024
 317 0192 B042     		cmp	r0, r6
 318 0194 14D0     		beq	.L21
 262:Drivers/STM32F7xx_HAL_Driver/Src/stm32f7xx_hal_gpio.c ****         SYSCFG->EXTICR[position >> 2] = temp;
 319              		.loc 1 262 0 discriminator 17
 320 0196 06F58066 		add	r6, r6, #1024
 321 019a B042     		cmp	r0, r6
 322 019c 3FF434AF 		beq	.L25
 262:Drivers/STM32F7xx_HAL_Driver/Src/stm32f7xx_hal_gpio.c ****         SYSCFG->EXTICR[position >> 2] = temp;
 323              		.loc 1 262 0
 324 01a0 0A26     		movs	r6, #10
 325 01a2 34E7     		b	.L7
 326              	.L14:
 327 01a4 0126     		movs	r6, #1
 328              	.LVL42:
 329 01a6 32E7     		b	.L7
 330              	.LVL43:
 331              	.L15:
 332 01a8 0226     		movs	r6, #2
 333 01aa 30E7     		b	.L7
 334              	.L16:
 335 01ac 0326     		movs	r6, #3
 336 01ae 2EE7     		b	.L7
 337              	.L17:
 338 01b0 0426     		movs	r6, #4
 339 01b2 2CE7     		b	.L7
 340              	.L18:
 341 01b4 0526     		movs	r6, #5
 342 01b6 2AE7     		b	.L7
 343              	.L19:
 344 01b8 0626     		movs	r6, #6
 345 01ba 28E7     		b	.L7
ARM GAS  C:\Users\ROUTHE~1\AppData\Local\Temp\ccCUmG0H.s 			page 13


 346              	.L20:
 347 01bc 0726     		movs	r6, #7
 348 01be 26E7     		b	.L7
 349              	.L21:
 350 01c0 0826     		movs	r6, #8
 351 01c2 24E7     		b	.L7
 352              	.LVL44:
 353              	.L24:
 298:Drivers/STM32F7xx_HAL_Driver/Src/stm32f7xx_hal_gpio.c ****       }
 299:Drivers/STM32F7xx_HAL_Driver/Src/stm32f7xx_hal_gpio.c ****     }
 300:Drivers/STM32F7xx_HAL_Driver/Src/stm32f7xx_hal_gpio.c ****   }
 301:Drivers/STM32F7xx_HAL_Driver/Src/stm32f7xx_hal_gpio.c **** }
 354              		.loc 1 301 0 is_stmt 1
 355 01c4 03B0     		add	sp, sp, #12
 356              	.LCFI2:
 357              		.cfi_def_cfa_offset 20
 358              		@ sp needed
 359 01c6 F0BD     		pop	{r4, r5, r6, r7, pc}
 360              	.LVL45:
 361              	.L27:
 362              		.align	2
 363              	.L26:
 364 01c8 00380140 		.word	1073821696
 365 01cc 003C0140 		.word	1073822720
 366 01d0 00380240 		.word	1073887232
 367 01d4 00000240 		.word	1073872896
 368 01d8 00040240 		.word	1073873920
 369              		.cfi_endproc
 370              	.LFE136:
 372              		.section	.text.HAL_GPIO_DeInit,"ax",%progbits
 373              		.align	1
 374              		.global	HAL_GPIO_DeInit
 375              		.syntax unified
 376              		.thumb
 377              		.thumb_func
 378              		.fpu fpv5-sp-d16
 380              	HAL_GPIO_DeInit:
 381              	.LFB137:
 302:Drivers/STM32F7xx_HAL_Driver/Src/stm32f7xx_hal_gpio.c **** 
 303:Drivers/STM32F7xx_HAL_Driver/Src/stm32f7xx_hal_gpio.c **** /**
 304:Drivers/STM32F7xx_HAL_Driver/Src/stm32f7xx_hal_gpio.c ****   * @brief  De-initializes the GPIOx peripheral registers to their default reset values.
 305:Drivers/STM32F7xx_HAL_Driver/Src/stm32f7xx_hal_gpio.c ****   * @param  GPIOx where x can be (A..K) to select the GPIO peripheral.
 306:Drivers/STM32F7xx_HAL_Driver/Src/stm32f7xx_hal_gpio.c ****   * @param  GPIO_Pin specifies the port bit to be written.
 307:Drivers/STM32F7xx_HAL_Driver/Src/stm32f7xx_hal_gpio.c ****   *          This parameter can be one of GPIO_PIN_x where x can be (0..15).
 308:Drivers/STM32F7xx_HAL_Driver/Src/stm32f7xx_hal_gpio.c ****   * @retval None
 309:Drivers/STM32F7xx_HAL_Driver/Src/stm32f7xx_hal_gpio.c ****   */
 310:Drivers/STM32F7xx_HAL_Driver/Src/stm32f7xx_hal_gpio.c **** void HAL_GPIO_DeInit(GPIO_TypeDef  *GPIOx, uint32_t GPIO_Pin)
 311:Drivers/STM32F7xx_HAL_Driver/Src/stm32f7xx_hal_gpio.c **** {
 382              		.loc 1 311 0
 383              		.cfi_startproc
 384              		@ args = 0, pretend = 0, frame = 0
 385              		@ frame_needed = 0, uses_anonymous_args = 0
 386              	.LVL46:
 312:Drivers/STM32F7xx_HAL_Driver/Src/stm32f7xx_hal_gpio.c ****   uint32_t position;
 313:Drivers/STM32F7xx_HAL_Driver/Src/stm32f7xx_hal_gpio.c ****   uint32_t ioposition = 0x00;
 314:Drivers/STM32F7xx_HAL_Driver/Src/stm32f7xx_hal_gpio.c ****   uint32_t iocurrent = 0x00;
 315:Drivers/STM32F7xx_HAL_Driver/Src/stm32f7xx_hal_gpio.c ****   uint32_t tmp = 0x00;
ARM GAS  C:\Users\ROUTHE~1\AppData\Local\Temp\ccCUmG0H.s 			page 14


 316:Drivers/STM32F7xx_HAL_Driver/Src/stm32f7xx_hal_gpio.c **** 
 317:Drivers/STM32F7xx_HAL_Driver/Src/stm32f7xx_hal_gpio.c ****   /* Check the parameters */
 318:Drivers/STM32F7xx_HAL_Driver/Src/stm32f7xx_hal_gpio.c ****   assert_param(IS_GPIO_ALL_INSTANCE(GPIOx));
 319:Drivers/STM32F7xx_HAL_Driver/Src/stm32f7xx_hal_gpio.c ****   
 320:Drivers/STM32F7xx_HAL_Driver/Src/stm32f7xx_hal_gpio.c ****   /* Configure the port pins */
 321:Drivers/STM32F7xx_HAL_Driver/Src/stm32f7xx_hal_gpio.c ****   for(position = 0; position < GPIO_NUMBER; position++)
 387              		.loc 1 321 0
 388 0000 0023     		movs	r3, #0
 389              	.LVL47:
 390 0002 0F2B     		cmp	r3, #15
 391 0004 00F29280 		bhi	.L46
 311:Drivers/STM32F7xx_HAL_Driver/Src/stm32f7xx_hal_gpio.c ****   uint32_t position;
 392              		.loc 1 311 0
 393 0008 F0B5     		push	{r4, r5, r6, r7, lr}
 394              	.LCFI3:
 395              		.cfi_def_cfa_offset 20
 396              		.cfi_offset 4, -20
 397              		.cfi_offset 5, -16
 398              		.cfi_offset 6, -12
 399              		.cfi_offset 7, -8
 400              		.cfi_offset 14, -4
 401 000a 0AE0     		b	.L32
 402              	.LVL48:
 403              	.L49:
 322:Drivers/STM32F7xx_HAL_Driver/Src/stm32f7xx_hal_gpio.c ****   {
 323:Drivers/STM32F7xx_HAL_Driver/Src/stm32f7xx_hal_gpio.c ****     /* Get the IO position */
 324:Drivers/STM32F7xx_HAL_Driver/Src/stm32f7xx_hal_gpio.c ****     ioposition = ((uint32_t)0x01) << position;
 325:Drivers/STM32F7xx_HAL_Driver/Src/stm32f7xx_hal_gpio.c ****     /* Get the current IO position */
 326:Drivers/STM32F7xx_HAL_Driver/Src/stm32f7xx_hal_gpio.c ****     iocurrent = (GPIO_Pin) & ioposition;
 327:Drivers/STM32F7xx_HAL_Driver/Src/stm32f7xx_hal_gpio.c **** 
 328:Drivers/STM32F7xx_HAL_Driver/Src/stm32f7xx_hal_gpio.c ****     if(iocurrent == ioposition)
 329:Drivers/STM32F7xx_HAL_Driver/Src/stm32f7xx_hal_gpio.c ****     {
 330:Drivers/STM32F7xx_HAL_Driver/Src/stm32f7xx_hal_gpio.c ****       /*------------------------- GPIO Mode Configuration --------------------*/
 331:Drivers/STM32F7xx_HAL_Driver/Src/stm32f7xx_hal_gpio.c ****       /* Configure IO Direction in Input Floating Mode */
 332:Drivers/STM32F7xx_HAL_Driver/Src/stm32f7xx_hal_gpio.c ****       GPIOx->MODER &= ~(GPIO_MODER_MODER0 << (position * 2));
 333:Drivers/STM32F7xx_HAL_Driver/Src/stm32f7xx_hal_gpio.c **** 
 334:Drivers/STM32F7xx_HAL_Driver/Src/stm32f7xx_hal_gpio.c ****       /* Configure the default Alternate Function in current IO */
 335:Drivers/STM32F7xx_HAL_Driver/Src/stm32f7xx_hal_gpio.c ****       GPIOx->AFR[position >> 3] &= ~((uint32_t)0xF << ((uint32_t)(position & (uint32_t)0x07) * 4)) 
 336:Drivers/STM32F7xx_HAL_Driver/Src/stm32f7xx_hal_gpio.c **** 
 337:Drivers/STM32F7xx_HAL_Driver/Src/stm32f7xx_hal_gpio.c ****       /* Configure the default value for IO Speed */
 338:Drivers/STM32F7xx_HAL_Driver/Src/stm32f7xx_hal_gpio.c ****       GPIOx->OSPEEDR &= ~(GPIO_OSPEEDER_OSPEEDR0 << (position * 2));
 339:Drivers/STM32F7xx_HAL_Driver/Src/stm32f7xx_hal_gpio.c **** 
 340:Drivers/STM32F7xx_HAL_Driver/Src/stm32f7xx_hal_gpio.c ****       /* Configure the default value IO Output Type */
 341:Drivers/STM32F7xx_HAL_Driver/Src/stm32f7xx_hal_gpio.c ****       GPIOx->OTYPER  &= ~(GPIO_OTYPER_OT_0 << position) ;
 342:Drivers/STM32F7xx_HAL_Driver/Src/stm32f7xx_hal_gpio.c **** 
 343:Drivers/STM32F7xx_HAL_Driver/Src/stm32f7xx_hal_gpio.c ****       /* Deactivate the Pull-up and Pull-down resistor for the current IO */
 344:Drivers/STM32F7xx_HAL_Driver/Src/stm32f7xx_hal_gpio.c ****       GPIOx->PUPDR &= ~(GPIO_PUPDR_PUPDR0 << (position * 2));
 345:Drivers/STM32F7xx_HAL_Driver/Src/stm32f7xx_hal_gpio.c **** 
 346:Drivers/STM32F7xx_HAL_Driver/Src/stm32f7xx_hal_gpio.c ****       /*------------------------- EXTI Mode Configuration --------------------*/
 347:Drivers/STM32F7xx_HAL_Driver/Src/stm32f7xx_hal_gpio.c ****       tmp = SYSCFG->EXTICR[position >> 2];
 348:Drivers/STM32F7xx_HAL_Driver/Src/stm32f7xx_hal_gpio.c ****       tmp &= (((uint32_t)0x0F) << (4 * (position & 0x03)));
 349:Drivers/STM32F7xx_HAL_Driver/Src/stm32f7xx_hal_gpio.c ****       if(tmp == ((uint32_t)(GPIO_GET_INDEX(GPIOx)) << (4 * (position & 0x03))))
 404              		.loc 1 349 0
 405 000c 0926     		movs	r6, #9
 406 000e 00E0     		b	.L31
 407              	.L33:
 408 0010 0026     		movs	r6, #0
ARM GAS  C:\Users\ROUTHE~1\AppData\Local\Temp\ccCUmG0H.s 			page 15


 409              	.L31:
 410              		.loc 1 349 0 is_stmt 0 discriminator 40
 411 0012 06FA02F2 		lsl	r2, r6, r2
 412 0016 9442     		cmp	r4, r2
 413 0018 6FD0     		beq	.L47
 414              	.LVL49:
 415              	.L30:
 321:Drivers/STM32F7xx_HAL_Driver/Src/stm32f7xx_hal_gpio.c ****   {
 416              		.loc 1 321 0 is_stmt 1 discriminator 2
 417 001a 0133     		adds	r3, r3, #1
 418              	.LVL50:
 419 001c 0F2B     		cmp	r3, #15
 420 001e 00F28480 		bhi	.L48
 421              	.LVL51:
 422              	.L32:
 324:Drivers/STM32F7xx_HAL_Driver/Src/stm32f7xx_hal_gpio.c ****     /* Get the current IO position */
 423              		.loc 1 324 0
 424 0022 0122     		movs	r2, #1
 425 0024 9A40     		lsls	r2, r2, r3
 426              	.LVL52:
 326:Drivers/STM32F7xx_HAL_Driver/Src/stm32f7xx_hal_gpio.c **** 
 427              		.loc 1 326 0
 428 0026 02EA0105 		and	r5, r2, r1
 429              	.LVL53:
 328:Drivers/STM32F7xx_HAL_Driver/Src/stm32f7xx_hal_gpio.c ****     {
 430              		.loc 1 328 0
 431 002a AA42     		cmp	r2, r5
 432 002c F5D1     		bne	.L30
 332:Drivers/STM32F7xx_HAL_Driver/Src/stm32f7xx_hal_gpio.c **** 
 433              		.loc 1 332 0
 434 002e 0668     		ldr	r6, [r0]
 435 0030 5F00     		lsls	r7, r3, #1
 436 0032 0324     		movs	r4, #3
 437 0034 BC40     		lsls	r4, r4, r7
 438 0036 E443     		mvns	r4, r4
 439 0038 2640     		ands	r6, r6, r4
 440 003a 0660     		str	r6, [r0]
 335:Drivers/STM32F7xx_HAL_Driver/Src/stm32f7xx_hal_gpio.c **** 
 441              		.loc 1 335 0
 442 003c 4FEAD30E 		lsr	lr, r3, #3
 443 0040 0EF1080E 		add	lr, lr, #8
 444 0044 50F82EC0 		ldr	ip, [r0, lr, lsl #2]
 445 0048 03F00706 		and	r6, r3, #7
 446 004c B600     		lsls	r6, r6, #2
 447 004e 0F27     		movs	r7, #15
 448 0050 07FA06F6 		lsl	r6, r7, r6
 449 0054 2CEA0606 		bic	r6, ip, r6
 450 0058 40F82E60 		str	r6, [r0, lr, lsl #2]
 338:Drivers/STM32F7xx_HAL_Driver/Src/stm32f7xx_hal_gpio.c **** 
 451              		.loc 1 338 0
 452 005c 8668     		ldr	r6, [r0, #8]
 453 005e 2640     		ands	r6, r6, r4
 454 0060 8660     		str	r6, [r0, #8]
 341:Drivers/STM32F7xx_HAL_Driver/Src/stm32f7xx_hal_gpio.c **** 
 455              		.loc 1 341 0
 456 0062 4668     		ldr	r6, [r0, #4]
 457 0064 26EA0202 		bic	r2, r6, r2
ARM GAS  C:\Users\ROUTHE~1\AppData\Local\Temp\ccCUmG0H.s 			page 16


 458              	.LVL54:
 459 0068 4260     		str	r2, [r0, #4]
 344:Drivers/STM32F7xx_HAL_Driver/Src/stm32f7xx_hal_gpio.c **** 
 460              		.loc 1 344 0
 461 006a C268     		ldr	r2, [r0, #12]
 462 006c 1440     		ands	r4, r4, r2
 463 006e C460     		str	r4, [r0, #12]
 347:Drivers/STM32F7xx_HAL_Driver/Src/stm32f7xx_hal_gpio.c ****       tmp &= (((uint32_t)0x0F) << (4 * (position & 0x03)));
 464              		.loc 1 347 0
 465 0070 4FEA930E 		lsr	lr, r3, #2
 466 0074 0EF10204 		add	r4, lr, #2
 467 0078 2D4A     		ldr	r2, .L50
 468 007a 52F82440 		ldr	r4, [r2, r4, lsl #2]
 469              	.LVL55:
 348:Drivers/STM32F7xx_HAL_Driver/Src/stm32f7xx_hal_gpio.c ****       if(tmp == ((uint32_t)(GPIO_GET_INDEX(GPIOx)) << (4 * (position & 0x03))))
 470              		.loc 1 348 0
 471 007e 03F00302 		and	r2, r3, #3
 472 0082 9200     		lsls	r2, r2, #2
 473 0084 9740     		lsls	r7, r7, r2
 474 0086 3C40     		ands	r4, r4, r7
 475              	.LVL56:
 476              		.loc 1 349 0
 477 0088 2A4E     		ldr	r6, .L50+4
 478 008a B042     		cmp	r0, r6
 479 008c C0D0     		beq	.L33
 480              		.loc 1 349 0 is_stmt 0 discriminator 1
 481 008e 06F58066 		add	r6, r6, #1024
 482 0092 B042     		cmp	r0, r6
 483 0094 21D0     		beq	.L34
 484              		.loc 1 349 0 discriminator 3
 485 0096 06F58066 		add	r6, r6, #1024
 486 009a B042     		cmp	r0, r6
 487 009c 1FD0     		beq	.L35
 488              		.loc 1 349 0 discriminator 5
 489 009e 06F58066 		add	r6, r6, #1024
 490 00a2 B042     		cmp	r0, r6
 491 00a4 1DD0     		beq	.L36
 492              		.loc 1 349 0 discriminator 7
 493 00a6 06F58066 		add	r6, r6, #1024
 494 00aa B042     		cmp	r0, r6
 495 00ac 1BD0     		beq	.L37
 496              		.loc 1 349 0 discriminator 9
 497 00ae 06F58066 		add	r6, r6, #1024
 498 00b2 B042     		cmp	r0, r6
 499 00b4 19D0     		beq	.L38
 500              		.loc 1 349 0 discriminator 11
 501 00b6 06F58066 		add	r6, r6, #1024
 502 00ba B042     		cmp	r0, r6
 503 00bc 17D0     		beq	.L39
 504              		.loc 1 349 0 discriminator 13
 505 00be 06F58066 		add	r6, r6, #1024
 506 00c2 B042     		cmp	r0, r6
 507 00c4 15D0     		beq	.L40
 508              		.loc 1 349 0 discriminator 15
 509 00c6 06F58066 		add	r6, r6, #1024
 510 00ca B042     		cmp	r0, r6
 511 00cc 13D0     		beq	.L41
ARM GAS  C:\Users\ROUTHE~1\AppData\Local\Temp\ccCUmG0H.s 			page 17


 512              		.loc 1 349 0 discriminator 17
 513 00ce 06F58066 		add	r6, r6, #1024
 514 00d2 B042     		cmp	r0, r6
 515 00d4 9AD0     		beq	.L49
 516              		.loc 1 349 0
 517 00d6 0A26     		movs	r6, #10
 518 00d8 9BE7     		b	.L31
 519              	.L34:
 520 00da 0126     		movs	r6, #1
 521              	.LVL57:
 522 00dc 99E7     		b	.L31
 523              	.LVL58:
 524              	.L35:
 525 00de 0226     		movs	r6, #2
 526 00e0 97E7     		b	.L31
 527              	.L36:
 528 00e2 0326     		movs	r6, #3
 529 00e4 95E7     		b	.L31
 530              	.L37:
 531 00e6 0426     		movs	r6, #4
 532 00e8 93E7     		b	.L31
 533              	.L38:
 534 00ea 0526     		movs	r6, #5
 535 00ec 91E7     		b	.L31
 536              	.L39:
 537 00ee 0626     		movs	r6, #6
 538 00f0 8FE7     		b	.L31
 539              	.L40:
 540 00f2 0726     		movs	r6, #7
 541 00f4 8DE7     		b	.L31
 542              	.L41:
 543 00f6 0826     		movs	r6, #8
 544 00f8 8BE7     		b	.L31
 545              	.L47:
 546              	.LVL59:
 350:Drivers/STM32F7xx_HAL_Driver/Src/stm32f7xx_hal_gpio.c ****       {
 351:Drivers/STM32F7xx_HAL_Driver/Src/stm32f7xx_hal_gpio.c ****         /* Configure the External Interrupt or event for the current IO */
 352:Drivers/STM32F7xx_HAL_Driver/Src/stm32f7xx_hal_gpio.c ****         tmp = ((uint32_t)0x0F) << (4 * (position & 0x03));
 353:Drivers/STM32F7xx_HAL_Driver/Src/stm32f7xx_hal_gpio.c ****         SYSCFG->EXTICR[position >> 2] &= ~tmp;
 547              		.loc 1 353 0 is_stmt 1
 548 00fa 0D4E     		ldr	r6, .L50
 549 00fc 0EF10202 		add	r2, lr, #2
 550 0100 56F82240 		ldr	r4, [r6, r2, lsl #2]
 551 0104 24EA0707 		bic	r7, r4, r7
 552              	.LVL60:
 553 0108 46F82270 		str	r7, [r6, r2, lsl #2]
 354:Drivers/STM32F7xx_HAL_Driver/Src/stm32f7xx_hal_gpio.c **** 
 355:Drivers/STM32F7xx_HAL_Driver/Src/stm32f7xx_hal_gpio.c ****         /* Clear EXTI line configuration */
 356:Drivers/STM32F7xx_HAL_Driver/Src/stm32f7xx_hal_gpio.c ****         EXTI->IMR &= ~((uint32_t)iocurrent);
 554              		.loc 1 356 0
 555 010c 0A4C     		ldr	r4, .L50+8
 556 010e 2668     		ldr	r6, [r4]
 557 0110 EA43     		mvns	r2, r5
 558 0112 1640     		ands	r6, r6, r2
 559 0114 2660     		str	r6, [r4]
 357:Drivers/STM32F7xx_HAL_Driver/Src/stm32f7xx_hal_gpio.c ****         EXTI->EMR &= ~((uint32_t)iocurrent);
 560              		.loc 1 357 0
ARM GAS  C:\Users\ROUTHE~1\AppData\Local\Temp\ccCUmG0H.s 			page 18


 561 0116 6568     		ldr	r5, [r4, #4]
 562              	.LVL61:
 563 0118 1540     		ands	r5, r5, r2
 564 011a 6560     		str	r5, [r4, #4]
 358:Drivers/STM32F7xx_HAL_Driver/Src/stm32f7xx_hal_gpio.c **** 
 359:Drivers/STM32F7xx_HAL_Driver/Src/stm32f7xx_hal_gpio.c ****         /* Clear Rising Falling edge configuration */
 360:Drivers/STM32F7xx_HAL_Driver/Src/stm32f7xx_hal_gpio.c ****         EXTI->RTSR &= ~((uint32_t)iocurrent);
 565              		.loc 1 360 0
 566 011c A568     		ldr	r5, [r4, #8]
 567 011e 1540     		ands	r5, r5, r2
 568 0120 A560     		str	r5, [r4, #8]
 361:Drivers/STM32F7xx_HAL_Driver/Src/stm32f7xx_hal_gpio.c ****         EXTI->FTSR &= ~((uint32_t)iocurrent);
 569              		.loc 1 361 0
 570 0122 E568     		ldr	r5, [r4, #12]
 571 0124 2A40     		ands	r2, r2, r5
 572              	.LVL62:
 573 0126 E260     		str	r2, [r4, #12]
 574 0128 77E7     		b	.L30
 575              	.LVL63:
 576              	.L48:
 362:Drivers/STM32F7xx_HAL_Driver/Src/stm32f7xx_hal_gpio.c **** 	  }
 363:Drivers/STM32F7xx_HAL_Driver/Src/stm32f7xx_hal_gpio.c ****     }
 364:Drivers/STM32F7xx_HAL_Driver/Src/stm32f7xx_hal_gpio.c ****   }
 365:Drivers/STM32F7xx_HAL_Driver/Src/stm32f7xx_hal_gpio.c **** }
 577              		.loc 1 365 0
 578 012a F0BD     		pop	{r4, r5, r6, r7, pc}
 579              	.LVL64:
 580              	.L46:
 581              	.LCFI4:
 582              		.cfi_def_cfa_offset 0
 583              		.cfi_restore 4
 584              		.cfi_restore 5
 585              		.cfi_restore 6
 586              		.cfi_restore 7
 587              		.cfi_restore 14
 588 012c 7047     		bx	lr
 589              	.L51:
 590 012e 00BF     		.align	2
 591              	.L50:
 592 0130 00380140 		.word	1073821696
 593 0134 00000240 		.word	1073872896
 594 0138 003C0140 		.word	1073822720
 595              		.cfi_endproc
 596              	.LFE137:
 598              		.section	.text.HAL_GPIO_ReadPin,"ax",%progbits
 599              		.align	1
 600              		.global	HAL_GPIO_ReadPin
 601              		.syntax unified
 602              		.thumb
 603              		.thumb_func
 604              		.fpu fpv5-sp-d16
 606              	HAL_GPIO_ReadPin:
 607              	.LFB138:
 366:Drivers/STM32F7xx_HAL_Driver/Src/stm32f7xx_hal_gpio.c **** 
 367:Drivers/STM32F7xx_HAL_Driver/Src/stm32f7xx_hal_gpio.c **** /**
 368:Drivers/STM32F7xx_HAL_Driver/Src/stm32f7xx_hal_gpio.c ****   * @}
 369:Drivers/STM32F7xx_HAL_Driver/Src/stm32f7xx_hal_gpio.c ****   */
ARM GAS  C:\Users\ROUTHE~1\AppData\Local\Temp\ccCUmG0H.s 			page 19


 370:Drivers/STM32F7xx_HAL_Driver/Src/stm32f7xx_hal_gpio.c **** 
 371:Drivers/STM32F7xx_HAL_Driver/Src/stm32f7xx_hal_gpio.c **** /** @defgroup GPIO_Exported_Functions_Group2 IO operation functions 
 372:Drivers/STM32F7xx_HAL_Driver/Src/stm32f7xx_hal_gpio.c ****  *  @brief   GPIO Read and Write
 373:Drivers/STM32F7xx_HAL_Driver/Src/stm32f7xx_hal_gpio.c ****  *
 374:Drivers/STM32F7xx_HAL_Driver/Src/stm32f7xx_hal_gpio.c **** @verbatim
 375:Drivers/STM32F7xx_HAL_Driver/Src/stm32f7xx_hal_gpio.c ****  ===============================================================================
 376:Drivers/STM32F7xx_HAL_Driver/Src/stm32f7xx_hal_gpio.c ****                        ##### IO operation functions #####
 377:Drivers/STM32F7xx_HAL_Driver/Src/stm32f7xx_hal_gpio.c ****  ===============================================================================
 378:Drivers/STM32F7xx_HAL_Driver/Src/stm32f7xx_hal_gpio.c **** 
 379:Drivers/STM32F7xx_HAL_Driver/Src/stm32f7xx_hal_gpio.c **** @endverbatim
 380:Drivers/STM32F7xx_HAL_Driver/Src/stm32f7xx_hal_gpio.c ****   * @{
 381:Drivers/STM32F7xx_HAL_Driver/Src/stm32f7xx_hal_gpio.c ****   */
 382:Drivers/STM32F7xx_HAL_Driver/Src/stm32f7xx_hal_gpio.c **** 
 383:Drivers/STM32F7xx_HAL_Driver/Src/stm32f7xx_hal_gpio.c **** /**
 384:Drivers/STM32F7xx_HAL_Driver/Src/stm32f7xx_hal_gpio.c ****   * @brief  Reads the specified input port pin.
 385:Drivers/STM32F7xx_HAL_Driver/Src/stm32f7xx_hal_gpio.c ****   * @param  GPIOx where x can be (A..K) to select the GPIO peripheral.
 386:Drivers/STM32F7xx_HAL_Driver/Src/stm32f7xx_hal_gpio.c ****   * @param  GPIO_Pin specifies the port bit to read.
 387:Drivers/STM32F7xx_HAL_Driver/Src/stm32f7xx_hal_gpio.c ****   *         This parameter can be GPIO_PIN_x where x can be (0..15).
 388:Drivers/STM32F7xx_HAL_Driver/Src/stm32f7xx_hal_gpio.c ****   * @retval The input port pin value.
 389:Drivers/STM32F7xx_HAL_Driver/Src/stm32f7xx_hal_gpio.c ****   */
 390:Drivers/STM32F7xx_HAL_Driver/Src/stm32f7xx_hal_gpio.c **** GPIO_PinState HAL_GPIO_ReadPin(GPIO_TypeDef* GPIOx, uint16_t GPIO_Pin)
 391:Drivers/STM32F7xx_HAL_Driver/Src/stm32f7xx_hal_gpio.c **** {
 608              		.loc 1 391 0
 609              		.cfi_startproc
 610              		@ args = 0, pretend = 0, frame = 0
 611              		@ frame_needed = 0, uses_anonymous_args = 0
 612              		@ link register save eliminated.
 613              	.LVL65:
 392:Drivers/STM32F7xx_HAL_Driver/Src/stm32f7xx_hal_gpio.c ****   GPIO_PinState bitstatus;
 393:Drivers/STM32F7xx_HAL_Driver/Src/stm32f7xx_hal_gpio.c **** 
 394:Drivers/STM32F7xx_HAL_Driver/Src/stm32f7xx_hal_gpio.c ****   /* Check the parameters */
 395:Drivers/STM32F7xx_HAL_Driver/Src/stm32f7xx_hal_gpio.c ****   assert_param(IS_GPIO_PIN(GPIO_Pin));
 396:Drivers/STM32F7xx_HAL_Driver/Src/stm32f7xx_hal_gpio.c **** 
 397:Drivers/STM32F7xx_HAL_Driver/Src/stm32f7xx_hal_gpio.c ****   if((GPIOx->IDR & GPIO_Pin) != (uint32_t)GPIO_PIN_RESET)
 614              		.loc 1 397 0
 615 0000 0369     		ldr	r3, [r0, #16]
 616 0002 1942     		tst	r1, r3
 617 0004 01D1     		bne	.L55
 398:Drivers/STM32F7xx_HAL_Driver/Src/stm32f7xx_hal_gpio.c ****   {
 399:Drivers/STM32F7xx_HAL_Driver/Src/stm32f7xx_hal_gpio.c ****     bitstatus = GPIO_PIN_SET;
 400:Drivers/STM32F7xx_HAL_Driver/Src/stm32f7xx_hal_gpio.c ****   }
 401:Drivers/STM32F7xx_HAL_Driver/Src/stm32f7xx_hal_gpio.c ****   else
 402:Drivers/STM32F7xx_HAL_Driver/Src/stm32f7xx_hal_gpio.c ****   {
 403:Drivers/STM32F7xx_HAL_Driver/Src/stm32f7xx_hal_gpio.c ****     bitstatus = GPIO_PIN_RESET;
 618              		.loc 1 403 0
 619 0006 0020     		movs	r0, #0
 620              	.LVL66:
 404:Drivers/STM32F7xx_HAL_Driver/Src/stm32f7xx_hal_gpio.c ****   }
 405:Drivers/STM32F7xx_HAL_Driver/Src/stm32f7xx_hal_gpio.c ****   return bitstatus;
 406:Drivers/STM32F7xx_HAL_Driver/Src/stm32f7xx_hal_gpio.c **** }
 621              		.loc 1 406 0
 622 0008 7047     		bx	lr
 623              	.LVL67:
 624              	.L55:
 399:Drivers/STM32F7xx_HAL_Driver/Src/stm32f7xx_hal_gpio.c ****   }
 625              		.loc 1 399 0
 626 000a 0120     		movs	r0, #1
ARM GAS  C:\Users\ROUTHE~1\AppData\Local\Temp\ccCUmG0H.s 			page 20


 627              	.LVL68:
 628 000c 7047     		bx	lr
 629              		.cfi_endproc
 630              	.LFE138:
 632              		.section	.text.HAL_GPIO_WritePin,"ax",%progbits
 633              		.align	1
 634              		.global	HAL_GPIO_WritePin
 635              		.syntax unified
 636              		.thumb
 637              		.thumb_func
 638              		.fpu fpv5-sp-d16
 640              	HAL_GPIO_WritePin:
 641              	.LFB139:
 407:Drivers/STM32F7xx_HAL_Driver/Src/stm32f7xx_hal_gpio.c **** 
 408:Drivers/STM32F7xx_HAL_Driver/Src/stm32f7xx_hal_gpio.c **** /**
 409:Drivers/STM32F7xx_HAL_Driver/Src/stm32f7xx_hal_gpio.c ****   * @brief  Sets or clears the selected data port bit.
 410:Drivers/STM32F7xx_HAL_Driver/Src/stm32f7xx_hal_gpio.c ****   *
 411:Drivers/STM32F7xx_HAL_Driver/Src/stm32f7xx_hal_gpio.c ****   * @note   This function uses GPIOx_BSRR register to allow atomic read/modify
 412:Drivers/STM32F7xx_HAL_Driver/Src/stm32f7xx_hal_gpio.c ****   *         accesses. In this way, there is no risk of an IRQ occurring between
 413:Drivers/STM32F7xx_HAL_Driver/Src/stm32f7xx_hal_gpio.c ****   *         the read and the modify access.
 414:Drivers/STM32F7xx_HAL_Driver/Src/stm32f7xx_hal_gpio.c ****   *
 415:Drivers/STM32F7xx_HAL_Driver/Src/stm32f7xx_hal_gpio.c ****   * @param  GPIOx where x can be (A..K) to select the GPIO peripheral.
 416:Drivers/STM32F7xx_HAL_Driver/Src/stm32f7xx_hal_gpio.c ****   * @param  GPIO_Pin specifies the port bit to be written.
 417:Drivers/STM32F7xx_HAL_Driver/Src/stm32f7xx_hal_gpio.c ****   *          This parameter can be one of GPIO_PIN_x where x can be (0..15).
 418:Drivers/STM32F7xx_HAL_Driver/Src/stm32f7xx_hal_gpio.c ****   * @param  PinState specifies the value to be written to the selected bit.
 419:Drivers/STM32F7xx_HAL_Driver/Src/stm32f7xx_hal_gpio.c ****   *          This parameter can be one of the GPIO_PinState enum values:
 420:Drivers/STM32F7xx_HAL_Driver/Src/stm32f7xx_hal_gpio.c ****   *            @arg GPIO_PIN_RESET: to clear the port pin
 421:Drivers/STM32F7xx_HAL_Driver/Src/stm32f7xx_hal_gpio.c ****   *            @arg GPIO_PIN_SET: to set the port pin
 422:Drivers/STM32F7xx_HAL_Driver/Src/stm32f7xx_hal_gpio.c ****   * @retval None
 423:Drivers/STM32F7xx_HAL_Driver/Src/stm32f7xx_hal_gpio.c ****   */
 424:Drivers/STM32F7xx_HAL_Driver/Src/stm32f7xx_hal_gpio.c **** void HAL_GPIO_WritePin(GPIO_TypeDef* GPIOx, uint16_t GPIO_Pin, GPIO_PinState PinState)
 425:Drivers/STM32F7xx_HAL_Driver/Src/stm32f7xx_hal_gpio.c **** {
 642              		.loc 1 425 0
 643              		.cfi_startproc
 644              		@ args = 0, pretend = 0, frame = 0
 645              		@ frame_needed = 0, uses_anonymous_args = 0
 646              		@ link register save eliminated.
 647              	.LVL69:
 426:Drivers/STM32F7xx_HAL_Driver/Src/stm32f7xx_hal_gpio.c ****   /* Check the parameters */
 427:Drivers/STM32F7xx_HAL_Driver/Src/stm32f7xx_hal_gpio.c ****   assert_param(IS_GPIO_PIN(GPIO_Pin));
 428:Drivers/STM32F7xx_HAL_Driver/Src/stm32f7xx_hal_gpio.c ****   assert_param(IS_GPIO_PIN_ACTION(PinState));
 429:Drivers/STM32F7xx_HAL_Driver/Src/stm32f7xx_hal_gpio.c **** 
 430:Drivers/STM32F7xx_HAL_Driver/Src/stm32f7xx_hal_gpio.c ****   if(PinState != GPIO_PIN_RESET)
 648              		.loc 1 430 0
 649 0000 12B9     		cbnz	r2, .L59
 431:Drivers/STM32F7xx_HAL_Driver/Src/stm32f7xx_hal_gpio.c ****   {
 432:Drivers/STM32F7xx_HAL_Driver/Src/stm32f7xx_hal_gpio.c ****     GPIOx->BSRR = GPIO_Pin;
 433:Drivers/STM32F7xx_HAL_Driver/Src/stm32f7xx_hal_gpio.c ****   }
 434:Drivers/STM32F7xx_HAL_Driver/Src/stm32f7xx_hal_gpio.c ****   else
 435:Drivers/STM32F7xx_HAL_Driver/Src/stm32f7xx_hal_gpio.c ****   {
 436:Drivers/STM32F7xx_HAL_Driver/Src/stm32f7xx_hal_gpio.c ****     GPIOx->BSRR = (uint32_t)GPIO_Pin << 16;
 650              		.loc 1 436 0
 651 0002 0904     		lsls	r1, r1, #16
 652              	.LVL70:
 653 0004 8161     		str	r1, [r0, #24]
 654 0006 7047     		bx	lr
 655              	.LVL71:
ARM GAS  C:\Users\ROUTHE~1\AppData\Local\Temp\ccCUmG0H.s 			page 21


 656              	.L59:
 432:Drivers/STM32F7xx_HAL_Driver/Src/stm32f7xx_hal_gpio.c ****   }
 657              		.loc 1 432 0
 658 0008 8161     		str	r1, [r0, #24]
 659 000a 7047     		bx	lr
 660              		.cfi_endproc
 661              	.LFE139:
 663              		.section	.text.HAL_GPIO_TogglePin,"ax",%progbits
 664              		.align	1
 665              		.global	HAL_GPIO_TogglePin
 666              		.syntax unified
 667              		.thumb
 668              		.thumb_func
 669              		.fpu fpv5-sp-d16
 671              	HAL_GPIO_TogglePin:
 672              	.LFB140:
 437:Drivers/STM32F7xx_HAL_Driver/Src/stm32f7xx_hal_gpio.c ****   }
 438:Drivers/STM32F7xx_HAL_Driver/Src/stm32f7xx_hal_gpio.c **** }
 439:Drivers/STM32F7xx_HAL_Driver/Src/stm32f7xx_hal_gpio.c **** 
 440:Drivers/STM32F7xx_HAL_Driver/Src/stm32f7xx_hal_gpio.c **** /**
 441:Drivers/STM32F7xx_HAL_Driver/Src/stm32f7xx_hal_gpio.c ****   * @brief  Toggles the specified GPIO pins.
 442:Drivers/STM32F7xx_HAL_Driver/Src/stm32f7xx_hal_gpio.c ****   * @param  GPIOx Where x can be (A..I) to select the GPIO peripheral.
 443:Drivers/STM32F7xx_HAL_Driver/Src/stm32f7xx_hal_gpio.c ****   * @param  GPIO_Pin Specifies the pins to be toggled.
 444:Drivers/STM32F7xx_HAL_Driver/Src/stm32f7xx_hal_gpio.c ****   * @retval None
 445:Drivers/STM32F7xx_HAL_Driver/Src/stm32f7xx_hal_gpio.c ****   */
 446:Drivers/STM32F7xx_HAL_Driver/Src/stm32f7xx_hal_gpio.c **** void HAL_GPIO_TogglePin(GPIO_TypeDef* GPIOx, uint16_t GPIO_Pin)
 447:Drivers/STM32F7xx_HAL_Driver/Src/stm32f7xx_hal_gpio.c **** {
 673              		.loc 1 447 0
 674              		.cfi_startproc
 675              		@ args = 0, pretend = 0, frame = 0
 676              		@ frame_needed = 0, uses_anonymous_args = 0
 677              		@ link register save eliminated.
 678              	.LVL72:
 448:Drivers/STM32F7xx_HAL_Driver/Src/stm32f7xx_hal_gpio.c ****   /* Check the parameters */
 449:Drivers/STM32F7xx_HAL_Driver/Src/stm32f7xx_hal_gpio.c ****   assert_param(IS_GPIO_PIN(GPIO_Pin));
 450:Drivers/STM32F7xx_HAL_Driver/Src/stm32f7xx_hal_gpio.c **** 
 451:Drivers/STM32F7xx_HAL_Driver/Src/stm32f7xx_hal_gpio.c ****   GPIOx->ODR ^= GPIO_Pin;
 679              		.loc 1 451 0
 680 0000 4369     		ldr	r3, [r0, #20]
 681 0002 5940     		eors	r1, r1, r3
 682              	.LVL73:
 683 0004 4161     		str	r1, [r0, #20]
 684 0006 7047     		bx	lr
 685              		.cfi_endproc
 686              	.LFE140:
 688              		.section	.text.HAL_GPIO_LockPin,"ax",%progbits
 689              		.align	1
 690              		.global	HAL_GPIO_LockPin
 691              		.syntax unified
 692              		.thumb
 693              		.thumb_func
 694              		.fpu fpv5-sp-d16
 696              	HAL_GPIO_LockPin:
 697              	.LFB141:
 452:Drivers/STM32F7xx_HAL_Driver/Src/stm32f7xx_hal_gpio.c **** }
 453:Drivers/STM32F7xx_HAL_Driver/Src/stm32f7xx_hal_gpio.c **** 
 454:Drivers/STM32F7xx_HAL_Driver/Src/stm32f7xx_hal_gpio.c **** /**
ARM GAS  C:\Users\ROUTHE~1\AppData\Local\Temp\ccCUmG0H.s 			page 22


 455:Drivers/STM32F7xx_HAL_Driver/Src/stm32f7xx_hal_gpio.c ****   * @brief  Locks GPIO Pins configuration registers.
 456:Drivers/STM32F7xx_HAL_Driver/Src/stm32f7xx_hal_gpio.c ****   * @note   The locked registers are GPIOx_MODER, GPIOx_OTYPER, GPIOx_OSPEEDR,
 457:Drivers/STM32F7xx_HAL_Driver/Src/stm32f7xx_hal_gpio.c ****   *         GPIOx_PUPDR, GPIOx_AFRL and GPIOx_AFRH.
 458:Drivers/STM32F7xx_HAL_Driver/Src/stm32f7xx_hal_gpio.c ****   * @note   The configuration of the locked GPIO pins can no longer be modified
 459:Drivers/STM32F7xx_HAL_Driver/Src/stm32f7xx_hal_gpio.c ****   *         until the next reset.
 460:Drivers/STM32F7xx_HAL_Driver/Src/stm32f7xx_hal_gpio.c ****   * @param  GPIOx where x can be (A..F) to select the GPIO peripheral for STM32F7 family
 461:Drivers/STM32F7xx_HAL_Driver/Src/stm32f7xx_hal_gpio.c ****   * @param  GPIO_Pin specifies the port bit to be locked.
 462:Drivers/STM32F7xx_HAL_Driver/Src/stm32f7xx_hal_gpio.c ****   *         This parameter can be any combination of GPIO_PIN_x where x can be (0..15).
 463:Drivers/STM32F7xx_HAL_Driver/Src/stm32f7xx_hal_gpio.c ****   * @retval None
 464:Drivers/STM32F7xx_HAL_Driver/Src/stm32f7xx_hal_gpio.c ****   */
 465:Drivers/STM32F7xx_HAL_Driver/Src/stm32f7xx_hal_gpio.c **** HAL_StatusTypeDef HAL_GPIO_LockPin(GPIO_TypeDef* GPIOx, uint16_t GPIO_Pin)
 466:Drivers/STM32F7xx_HAL_Driver/Src/stm32f7xx_hal_gpio.c **** {
 698              		.loc 1 466 0
 699              		.cfi_startproc
 700              		@ args = 0, pretend = 0, frame = 8
 701              		@ frame_needed = 0, uses_anonymous_args = 0
 702              		@ link register save eliminated.
 703              	.LVL74:
 704 0000 82B0     		sub	sp, sp, #8
 705              	.LCFI5:
 706              		.cfi_def_cfa_offset 8
 467:Drivers/STM32F7xx_HAL_Driver/Src/stm32f7xx_hal_gpio.c ****   __IO uint32_t tmp = GPIO_LCKR_LCKK;
 707              		.loc 1 467 0
 708 0002 4FF48033 		mov	r3, #65536
 709 0006 0193     		str	r3, [sp, #4]
 468:Drivers/STM32F7xx_HAL_Driver/Src/stm32f7xx_hal_gpio.c **** 
 469:Drivers/STM32F7xx_HAL_Driver/Src/stm32f7xx_hal_gpio.c ****   /* Check the parameters */
 470:Drivers/STM32F7xx_HAL_Driver/Src/stm32f7xx_hal_gpio.c ****   assert_param(IS_GPIO_PIN(GPIO_Pin));
 471:Drivers/STM32F7xx_HAL_Driver/Src/stm32f7xx_hal_gpio.c **** 
 472:Drivers/STM32F7xx_HAL_Driver/Src/stm32f7xx_hal_gpio.c ****   /* Apply lock key write sequence */
 473:Drivers/STM32F7xx_HAL_Driver/Src/stm32f7xx_hal_gpio.c ****   tmp |= GPIO_Pin;
 710              		.loc 1 473 0
 711 0008 019B     		ldr	r3, [sp, #4]
 712 000a 0B43     		orrs	r3, r3, r1
 713 000c 0193     		str	r3, [sp, #4]
 474:Drivers/STM32F7xx_HAL_Driver/Src/stm32f7xx_hal_gpio.c ****   /* Set LCKx bit(s): LCKK='1' + LCK[15-0] */
 475:Drivers/STM32F7xx_HAL_Driver/Src/stm32f7xx_hal_gpio.c ****   GPIOx->LCKR = tmp;
 714              		.loc 1 475 0
 715 000e 019B     		ldr	r3, [sp, #4]
 716 0010 C361     		str	r3, [r0, #28]
 476:Drivers/STM32F7xx_HAL_Driver/Src/stm32f7xx_hal_gpio.c ****   /* Reset LCKx bit(s): LCKK='0' + LCK[15-0] */
 477:Drivers/STM32F7xx_HAL_Driver/Src/stm32f7xx_hal_gpio.c ****   GPIOx->LCKR = GPIO_Pin;
 717              		.loc 1 477 0
 718 0012 C161     		str	r1, [r0, #28]
 478:Drivers/STM32F7xx_HAL_Driver/Src/stm32f7xx_hal_gpio.c ****   /* Set LCKx bit(s): LCKK='1' + LCK[15-0] */
 479:Drivers/STM32F7xx_HAL_Driver/Src/stm32f7xx_hal_gpio.c ****   GPIOx->LCKR = tmp;
 719              		.loc 1 479 0
 720 0014 019B     		ldr	r3, [sp, #4]
 721 0016 C361     		str	r3, [r0, #28]
 480:Drivers/STM32F7xx_HAL_Driver/Src/stm32f7xx_hal_gpio.c ****   /* Read LCKK bit*/
 481:Drivers/STM32F7xx_HAL_Driver/Src/stm32f7xx_hal_gpio.c ****   tmp = GPIOx->LCKR;
 722              		.loc 1 481 0
 723 0018 C369     		ldr	r3, [r0, #28]
 724 001a 0193     		str	r3, [sp, #4]
 482:Drivers/STM32F7xx_HAL_Driver/Src/stm32f7xx_hal_gpio.c **** 
 483:Drivers/STM32F7xx_HAL_Driver/Src/stm32f7xx_hal_gpio.c ****  if((GPIOx->LCKR & GPIO_LCKR_LCKK) != RESET)
 725              		.loc 1 483 0
ARM GAS  C:\Users\ROUTHE~1\AppData\Local\Temp\ccCUmG0H.s 			page 23


 726 001c C369     		ldr	r3, [r0, #28]
 727 001e 13F4803F 		tst	r3, #65536
 728 0022 02D1     		bne	.L65
 484:Drivers/STM32F7xx_HAL_Driver/Src/stm32f7xx_hal_gpio.c ****   {
 485:Drivers/STM32F7xx_HAL_Driver/Src/stm32f7xx_hal_gpio.c ****     return HAL_OK;
 486:Drivers/STM32F7xx_HAL_Driver/Src/stm32f7xx_hal_gpio.c ****   }
 487:Drivers/STM32F7xx_HAL_Driver/Src/stm32f7xx_hal_gpio.c ****   else
 488:Drivers/STM32F7xx_HAL_Driver/Src/stm32f7xx_hal_gpio.c ****   {
 489:Drivers/STM32F7xx_HAL_Driver/Src/stm32f7xx_hal_gpio.c ****     return HAL_ERROR;
 729              		.loc 1 489 0
 730 0024 0120     		movs	r0, #1
 731              	.LVL75:
 732              	.L62:
 490:Drivers/STM32F7xx_HAL_Driver/Src/stm32f7xx_hal_gpio.c ****   }
 491:Drivers/STM32F7xx_HAL_Driver/Src/stm32f7xx_hal_gpio.c **** }
 733              		.loc 1 491 0
 734 0026 02B0     		add	sp, sp, #8
 735              	.LCFI6:
 736              		.cfi_remember_state
 737              		.cfi_def_cfa_offset 0
 738              		@ sp needed
 739 0028 7047     		bx	lr
 740              	.LVL76:
 741              	.L65:
 742              	.LCFI7:
 743              		.cfi_restore_state
 485:Drivers/STM32F7xx_HAL_Driver/Src/stm32f7xx_hal_gpio.c ****   }
 744              		.loc 1 485 0
 745 002a 0020     		movs	r0, #0
 746              	.LVL77:
 747 002c FBE7     		b	.L62
 748              		.cfi_endproc
 749              	.LFE141:
 751              		.section	.text.HAL_GPIO_EXTI_Callback,"ax",%progbits
 752              		.align	1
 753              		.weak	HAL_GPIO_EXTI_Callback
 754              		.syntax unified
 755              		.thumb
 756              		.thumb_func
 757              		.fpu fpv5-sp-d16
 759              	HAL_GPIO_EXTI_Callback:
 760              	.LFB143:
 492:Drivers/STM32F7xx_HAL_Driver/Src/stm32f7xx_hal_gpio.c **** 
 493:Drivers/STM32F7xx_HAL_Driver/Src/stm32f7xx_hal_gpio.c **** /**
 494:Drivers/STM32F7xx_HAL_Driver/Src/stm32f7xx_hal_gpio.c ****   * @brief  This function handles EXTI interrupt request.
 495:Drivers/STM32F7xx_HAL_Driver/Src/stm32f7xx_hal_gpio.c ****   * @param  GPIO_Pin Specifies the pins connected EXTI line
 496:Drivers/STM32F7xx_HAL_Driver/Src/stm32f7xx_hal_gpio.c ****   * @retval None
 497:Drivers/STM32F7xx_HAL_Driver/Src/stm32f7xx_hal_gpio.c ****   */
 498:Drivers/STM32F7xx_HAL_Driver/Src/stm32f7xx_hal_gpio.c **** void HAL_GPIO_EXTI_IRQHandler(uint16_t GPIO_Pin)
 499:Drivers/STM32F7xx_HAL_Driver/Src/stm32f7xx_hal_gpio.c **** {
 500:Drivers/STM32F7xx_HAL_Driver/Src/stm32f7xx_hal_gpio.c ****   /* EXTI line interrupt detected */
 501:Drivers/STM32F7xx_HAL_Driver/Src/stm32f7xx_hal_gpio.c ****   if(__HAL_GPIO_EXTI_GET_IT(GPIO_Pin) != RESET)
 502:Drivers/STM32F7xx_HAL_Driver/Src/stm32f7xx_hal_gpio.c ****   {
 503:Drivers/STM32F7xx_HAL_Driver/Src/stm32f7xx_hal_gpio.c ****     __HAL_GPIO_EXTI_CLEAR_IT(GPIO_Pin);
 504:Drivers/STM32F7xx_HAL_Driver/Src/stm32f7xx_hal_gpio.c ****     HAL_GPIO_EXTI_Callback(GPIO_Pin);
 505:Drivers/STM32F7xx_HAL_Driver/Src/stm32f7xx_hal_gpio.c ****   }
 506:Drivers/STM32F7xx_HAL_Driver/Src/stm32f7xx_hal_gpio.c **** }
ARM GAS  C:\Users\ROUTHE~1\AppData\Local\Temp\ccCUmG0H.s 			page 24


 507:Drivers/STM32F7xx_HAL_Driver/Src/stm32f7xx_hal_gpio.c **** 
 508:Drivers/STM32F7xx_HAL_Driver/Src/stm32f7xx_hal_gpio.c **** /**
 509:Drivers/STM32F7xx_HAL_Driver/Src/stm32f7xx_hal_gpio.c ****   * @brief  EXTI line detection callbacks.
 510:Drivers/STM32F7xx_HAL_Driver/Src/stm32f7xx_hal_gpio.c ****   * @param  GPIO_Pin Specifies the pins connected EXTI line
 511:Drivers/STM32F7xx_HAL_Driver/Src/stm32f7xx_hal_gpio.c ****   * @retval None
 512:Drivers/STM32F7xx_HAL_Driver/Src/stm32f7xx_hal_gpio.c ****   */
 513:Drivers/STM32F7xx_HAL_Driver/Src/stm32f7xx_hal_gpio.c **** __weak void HAL_GPIO_EXTI_Callback(uint16_t GPIO_Pin)
 514:Drivers/STM32F7xx_HAL_Driver/Src/stm32f7xx_hal_gpio.c **** {
 761              		.loc 1 514 0
 762              		.cfi_startproc
 763              		@ args = 0, pretend = 0, frame = 0
 764              		@ frame_needed = 0, uses_anonymous_args = 0
 765              		@ link register save eliminated.
 766              	.LVL78:
 767 0000 7047     		bx	lr
 768              		.cfi_endproc
 769              	.LFE143:
 771              		.section	.text.HAL_GPIO_EXTI_IRQHandler,"ax",%progbits
 772              		.align	1
 773              		.global	HAL_GPIO_EXTI_IRQHandler
 774              		.syntax unified
 775              		.thumb
 776              		.thumb_func
 777              		.fpu fpv5-sp-d16
 779              	HAL_GPIO_EXTI_IRQHandler:
 780              	.LFB142:
 499:Drivers/STM32F7xx_HAL_Driver/Src/stm32f7xx_hal_gpio.c ****   /* EXTI line interrupt detected */
 781              		.loc 1 499 0
 782              		.cfi_startproc
 783              		@ args = 0, pretend = 0, frame = 0
 784              		@ frame_needed = 0, uses_anonymous_args = 0
 785              	.LVL79:
 499:Drivers/STM32F7xx_HAL_Driver/Src/stm32f7xx_hal_gpio.c ****   /* EXTI line interrupt detected */
 786              		.loc 1 499 0
 787 0000 08B5     		push	{r3, lr}
 788              	.LCFI8:
 789              		.cfi_def_cfa_offset 8
 790              		.cfi_offset 3, -8
 791              		.cfi_offset 14, -4
 501:Drivers/STM32F7xx_HAL_Driver/Src/stm32f7xx_hal_gpio.c ****   {
 792              		.loc 1 501 0
 793 0002 054B     		ldr	r3, .L71
 794 0004 5B69     		ldr	r3, [r3, #20]
 795 0006 0342     		tst	r3, r0
 796 0008 00D1     		bne	.L70
 797              	.LVL80:
 798              	.L67:
 799 000a 08BD     		pop	{r3, pc}
 800              	.LVL81:
 801              	.L70:
 503:Drivers/STM32F7xx_HAL_Driver/Src/stm32f7xx_hal_gpio.c ****     HAL_GPIO_EXTI_Callback(GPIO_Pin);
 802              		.loc 1 503 0
 803 000c 024B     		ldr	r3, .L71
 804 000e 5861     		str	r0, [r3, #20]
 504:Drivers/STM32F7xx_HAL_Driver/Src/stm32f7xx_hal_gpio.c ****   }
 805              		.loc 1 504 0
 806 0010 FFF7FEFF 		bl	HAL_GPIO_EXTI_Callback
ARM GAS  C:\Users\ROUTHE~1\AppData\Local\Temp\ccCUmG0H.s 			page 25


 807              	.LVL82:
 506:Drivers/STM32F7xx_HAL_Driver/Src/stm32f7xx_hal_gpio.c **** 
 808              		.loc 1 506 0
 809 0014 F9E7     		b	.L67
 810              	.L72:
 811 0016 00BF     		.align	2
 812              	.L71:
 813 0018 003C0140 		.word	1073822720
 814              		.cfi_endproc
 815              	.LFE142:
 817              		.text
 818              	.Letext0:
 819              		.file 2 "c:\\ac6\\systemworkbench\\plugins\\fr.ac6.mcu.externaltools.arm-none.win32_1.15.0.2017083
 820              		.file 3 "c:\\ac6\\systemworkbench\\plugins\\fr.ac6.mcu.externaltools.arm-none.win32_1.15.0.2017083
 821              		.file 4 "Drivers/CMSIS/Include/core_cm7.h"
 822              		.file 5 "Drivers/CMSIS/Device/ST/STM32F7xx/Include/system_stm32f7xx.h"
 823              		.file 6 "Drivers/CMSIS/Device/ST/STM32F7xx/Include/stm32f746xx.h"
 824              		.file 7 "c:\\ac6\\systemworkbench\\plugins\\fr.ac6.mcu.externaltools.arm-none.win32_1.15.0.2017083
 825              		.file 8 "c:\\ac6\\systemworkbench\\plugins\\fr.ac6.mcu.externaltools.arm-none.win32_1.15.0.2017083
 826              		.file 9 "c:\\ac6\\systemworkbench\\plugins\\fr.ac6.mcu.externaltools.arm-none.win32_1.15.0.2017083
 827              		.file 10 "c:\\ac6\\systemworkbench\\plugins\\fr.ac6.mcu.externaltools.arm-none.win32_1.15.0.201708
 828              		.file 11 "Drivers/CMSIS/Device/ST/STM32F7xx/Include/stm32f7xx.h"
 829              		.file 12 "Drivers/STM32F7xx_HAL_Driver/Inc/stm32f7xx_hal_def.h"
 830              		.file 13 "Drivers/STM32F7xx_HAL_Driver/Inc/stm32f7xx_hal_gpio.h"
ARM GAS  C:\Users\ROUTHE~1\AppData\Local\Temp\ccCUmG0H.s 			page 26


DEFINED SYMBOLS
                            *ABS*:00000000 stm32f7xx_hal_gpio.c
C:\Users\ROUTHE~1\AppData\Local\Temp\ccCUmG0H.s:18     .text.HAL_GPIO_Init:00000000 $t
C:\Users\ROUTHE~1\AppData\Local\Temp\ccCUmG0H.s:25     .text.HAL_GPIO_Init:00000000 HAL_GPIO_Init
C:\Users\ROUTHE~1\AppData\Local\Temp\ccCUmG0H.s:364    .text.HAL_GPIO_Init:000001c8 $d
C:\Users\ROUTHE~1\AppData\Local\Temp\ccCUmG0H.s:373    .text.HAL_GPIO_DeInit:00000000 $t
C:\Users\ROUTHE~1\AppData\Local\Temp\ccCUmG0H.s:380    .text.HAL_GPIO_DeInit:00000000 HAL_GPIO_DeInit
C:\Users\ROUTHE~1\AppData\Local\Temp\ccCUmG0H.s:592    .text.HAL_GPIO_DeInit:00000130 $d
C:\Users\ROUTHE~1\AppData\Local\Temp\ccCUmG0H.s:599    .text.HAL_GPIO_ReadPin:00000000 $t
C:\Users\ROUTHE~1\AppData\Local\Temp\ccCUmG0H.s:606    .text.HAL_GPIO_ReadPin:00000000 HAL_GPIO_ReadPin
C:\Users\ROUTHE~1\AppData\Local\Temp\ccCUmG0H.s:633    .text.HAL_GPIO_WritePin:00000000 $t
C:\Users\ROUTHE~1\AppData\Local\Temp\ccCUmG0H.s:640    .text.HAL_GPIO_WritePin:00000000 HAL_GPIO_WritePin
C:\Users\ROUTHE~1\AppData\Local\Temp\ccCUmG0H.s:664    .text.HAL_GPIO_TogglePin:00000000 $t
C:\Users\ROUTHE~1\AppData\Local\Temp\ccCUmG0H.s:671    .text.HAL_GPIO_TogglePin:00000000 HAL_GPIO_TogglePin
C:\Users\ROUTHE~1\AppData\Local\Temp\ccCUmG0H.s:689    .text.HAL_GPIO_LockPin:00000000 $t
C:\Users\ROUTHE~1\AppData\Local\Temp\ccCUmG0H.s:696    .text.HAL_GPIO_LockPin:00000000 HAL_GPIO_LockPin
C:\Users\ROUTHE~1\AppData\Local\Temp\ccCUmG0H.s:752    .text.HAL_GPIO_EXTI_Callback:00000000 $t
C:\Users\ROUTHE~1\AppData\Local\Temp\ccCUmG0H.s:759    .text.HAL_GPIO_EXTI_Callback:00000000 HAL_GPIO_EXTI_Callback
C:\Users\ROUTHE~1\AppData\Local\Temp\ccCUmG0H.s:772    .text.HAL_GPIO_EXTI_IRQHandler:00000000 $t
C:\Users\ROUTHE~1\AppData\Local\Temp\ccCUmG0H.s:779    .text.HAL_GPIO_EXTI_IRQHandler:00000000 HAL_GPIO_EXTI_IRQHandler
C:\Users\ROUTHE~1\AppData\Local\Temp\ccCUmG0H.s:813    .text.HAL_GPIO_EXTI_IRQHandler:00000018 $d
                     .debug_frame:00000010 $d

NO UNDEFINED SYMBOLS
